<<<<<<< HEAD
2026-02-23 09:42:08 INFO  c.t.c.BillControllerTest - Starting BillControllerTest using Java 21.0.7 with PID 24100 (started by balaj in C:\Users\balaj\Documents\workspace-spring-tools-for-eclipse-4.31.0.RELEASE\LibraryManagementSystem)
2026-02-23 09:42:08 INFO  c.t.c.BillControllerTest - No active profile set, falling back to 1 default profile: "default"
2026-02-23 09:42:10 WARN  o.s.b.s.a.UserDetailsServiceAutoConfiguration - 

Using generated security password: 238c60a6-2052-46f0-8df9-12079c0f1f74

This generated password is for development use only. Your security configuration must be updated before running your application in production.

2026-02-23 09:42:11 WARN  o.s.s.c.a.a.c.InitializeUserDetailsBeanManagerConfigurer$InitializeUserDetailsManagerConfigurer - Found 2 UserDetailsService beans, with names [inMemoryUserDetailsManager, com.task.security.UserdetailsService#0]. Global Authentication Manager will not use a UserDetailsService for username/password login. Consider publishing a single UserDetailsService bean.
2026-02-23 09:42:11 INFO  o.s.b.t.m.w.SpringBootMockServletContext - Initializing Spring TestDispatcherServlet ''
2026-02-23 09:42:11 INFO  o.s.t.w.s.TestDispatcherServlet - Initializing Servlet ''
2026-02-23 09:42:11 INFO  o.s.t.w.s.TestDispatcherServlet - Completed initialization in 4 ms
2026-02-23 09:42:11 INFO  c.t.c.BillControllerTest - Started BillControllerTest in 3.832 seconds (process running for 5.597)
2026-02-23 09:42:12 INFO  o.s.t.c.s.AnnotationConfigContextLoaderUtils - Could not detect default configuration classes for test class [com.task.controllertest.BookControllersTest]: BookControllersTest does not declare any static, non-private, non-final, nested classes annotated with @Configuration.
2026-02-23 09:42:12 INFO  o.s.b.t.c.SpringBootTestContextBootstrapper - Found @SpringBootConfiguration com.task.LibraryManagementSystemApplication for test class com.task.controllertest.BookControllersTest
2026-02-23 09:42:12 INFO  o.s.b.d.r.RestartApplicationListener - Restart disabled due to context in which it is running
2026-02-23 09:42:12 INFO  c.t.c.BookControllersTest - Starting BookControllersTest using Java 21.0.7 with PID 24100 (started by balaj in C:\Users\balaj\Documents\workspace-spring-tools-for-eclipse-4.31.0.RELEASE\LibraryManagementSystem)
2026-02-23 09:42:12 INFO  c.t.c.BookControllersTest - No active profile set, falling back to 1 default profile: "default"
2026-02-23 09:42:12 WARN  o.s.b.s.a.UserDetailsServiceAutoConfiguration - 

Using generated security password: eab45e02-46d3-4ab7-9530-0f6703b03793

This generated password is for development use only. Your security configuration must be updated before running your application in production.

2026-02-23 09:42:12 WARN  o.s.s.c.a.a.c.InitializeUserDetailsBeanManagerConfigurer$InitializeUserDetailsManagerConfigurer - Found 2 UserDetailsService beans, with names [inMemoryUserDetailsManager, com.task.security.UserdetailsService#0]. Global Authentication Manager will not use a UserDetailsService for username/password login. Consider publishing a single UserDetailsService bean.
2026-02-23 09:42:12 INFO  o.s.b.t.m.w.SpringBootMockServletContext - Initializing Spring TestDispatcherServlet ''
2026-02-23 09:42:12 INFO  o.s.t.w.s.TestDispatcherServlet - Initializing Servlet ''
2026-02-23 09:42:12 INFO  o.s.t.w.s.TestDispatcherServlet - Completed initialization in 4 ms
2026-02-23 09:42:12 INFO  c.t.c.BookControllersTest - Started BookControllersTest in 0.726 seconds (process running for 7.082)
2026-02-23 09:42:13 INFO  o.s.t.c.s.AnnotationConfigContextLoaderUtils - Could not detect default configuration classes for test class [com.task.controllertest.LibrarianControllerTest]: LibrarianControllerTest does not declare any static, non-private, non-final, nested classes annotated with @Configuration.
2026-02-23 09:42:13 INFO  o.s.b.t.c.SpringBootTestContextBootstrapper - Found @SpringBootConfiguration com.task.LibraryManagementSystemApplication for test class com.task.controllertest.LibrarianControllerTest
2026-02-23 09:42:13 INFO  o.s.b.d.r.RestartApplicationListener - Restart disabled due to context in which it is running
2026-02-23 09:42:13 INFO  c.t.c.LibrarianControllerTest - Starting LibrarianControllerTest using Java 21.0.7 with PID 24100 (started by balaj in C:\Users\balaj\Documents\workspace-spring-tools-for-eclipse-4.31.0.RELEASE\LibraryManagementSystem)
2026-02-23 09:42:13 INFO  c.t.c.LibrarianControllerTest - No active profile set, falling back to 1 default profile: "default"
2026-02-23 09:42:13 WARN  o.s.b.s.a.UserDetailsServiceAutoConfiguration - 

Using generated security password: 1d6668db-56da-4d00-ad5a-a0b13825e28d

This generated password is for development use only. Your security configuration must be updated before running your application in production.

2026-02-23 09:42:13 WARN  o.s.s.c.a.a.c.InitializeUserDetailsBeanManagerConfigurer$InitializeUserDetailsManagerConfigurer - Found 2 UserDetailsService beans, with names [inMemoryUserDetailsManager, com.task.security.UserdetailsService#0]. Global Authentication Manager will not use a UserDetailsService for username/password login. Consider publishing a single UserDetailsService bean.
2026-02-23 09:42:13 INFO  o.s.b.t.m.w.SpringBootMockServletContext - Initializing Spring TestDispatcherServlet ''
2026-02-23 09:42:13 INFO  o.s.t.w.s.TestDispatcherServlet - Initializing Servlet ''
2026-02-23 09:42:13 INFO  o.s.t.w.s.TestDispatcherServlet - Completed initialization in 1 ms
2026-02-23 09:42:13 INFO  c.t.c.LibrarianControllerTest - Started LibrarianControllerTest in 0.408 seconds (process running for 7.773)
2026-02-23 09:42:13 INFO  o.s.t.c.s.AnnotationConfigContextLoaderUtils - Could not detect default configuration classes for test class [com.task.controllertest.MemberControllerTest]: MemberControllerTest does not declare any static, non-private, non-final, nested classes annotated with @Configuration.
2026-02-23 09:42:13 INFO  o.s.b.t.c.SpringBootTestContextBootstrapper - Found @SpringBootConfiguration com.task.LibraryManagementSystemApplication for test class com.task.controllertest.MemberControllerTest
2026-02-23 09:42:13 INFO  o.s.b.d.r.RestartApplicationListener - Restart disabled due to context in which it is running
2026-02-23 09:42:14 INFO  c.t.c.MemberControllerTest - Starting MemberControllerTest using Java 21.0.7 with PID 24100 (started by balaj in C:\Users\balaj\Documents\workspace-spring-tools-for-eclipse-4.31.0.RELEASE\LibraryManagementSystem)
2026-02-23 09:42:14 INFO  c.t.c.MemberControllerTest - No active profile set, falling back to 1 default profile: "default"
2026-02-23 09:42:14 WARN  o.s.b.s.a.UserDetailsServiceAutoConfiguration - 

Using generated security password: 5872e69f-2203-4aa7-bf35-0ec1a4d84167

This generated password is for development use only. Your security configuration must be updated before running your application in production.

2026-02-23 09:42:14 WARN  o.s.s.c.a.a.c.InitializeUserDetailsBeanManagerConfigurer$InitializeUserDetailsManagerConfigurer - Found 2 UserDetailsService beans, with names [inMemoryUserDetailsManager, com.task.security.UserdetailsService#0]. Global Authentication Manager will not use a UserDetailsService for username/password login. Consider publishing a single UserDetailsService bean.
2026-02-23 09:42:14 INFO  o.s.b.t.m.w.SpringBootMockServletContext - Initializing Spring TestDispatcherServlet ''
2026-02-23 09:42:14 INFO  o.s.t.w.s.TestDispatcherServlet - Initializing Servlet ''
2026-02-23 09:42:14 INFO  o.s.t.w.s.TestDispatcherServlet - Completed initialization in 1 ms
2026-02-23 09:42:14 INFO  c.t.c.MemberControllerTest - Started MemberControllerTest in 0.344 seconds (process running for 8.403)
2026-02-23 09:42:14 INFO  o.s.t.c.s.AnnotationConfigContextLoaderUtils - Could not detect default configuration classes for test class [com.task.controllertest.TransactionControllerTest]: TransactionControllerTest does not declare any static, non-private, non-final, nested classes annotated with @Configuration.
2026-02-23 09:42:14 INFO  o.s.b.t.c.SpringBootTestContextBootstrapper - Found @SpringBootConfiguration com.task.LibraryManagementSystemApplication for test class com.task.controllertest.TransactionControllerTest
2026-02-23 09:42:14 INFO  o.s.b.d.r.RestartApplicationListener - Restart disabled due to context in which it is running
2026-02-23 09:42:14 INFO  c.t.c.TransactionControllerTest - Starting TransactionControllerTest using Java 21.0.7 with PID 24100 (started by balaj in C:\Users\balaj\Documents\workspace-spring-tools-for-eclipse-4.31.0.RELEASE\LibraryManagementSystem)
2026-02-23 09:42:14 INFO  c.t.c.TransactionControllerTest - No active profile set, falling back to 1 default profile: "default"
2026-02-23 09:42:14 WARN  o.s.b.s.a.UserDetailsServiceAutoConfiguration - 

Using generated security password: 0e7e42ed-7573-4ae3-a58e-02265c8755f5

This generated password is for development use only. Your security configuration must be updated before running your application in production.

2026-02-23 09:42:14 WARN  o.s.s.c.a.a.c.InitializeUserDetailsBeanManagerConfigurer$InitializeUserDetailsManagerConfigurer - Found 2 UserDetailsService beans, with names [inMemoryUserDetailsManager, com.task.security.UserdetailsService#0]. Global Authentication Manager will not use a UserDetailsService for username/password login. Consider publishing a single UserDetailsService bean.
2026-02-23 09:42:14 INFO  o.s.b.t.m.w.SpringBootMockServletContext - Initializing Spring TestDispatcherServlet ''
2026-02-23 09:42:14 INFO  o.s.t.w.s.TestDispatcherServlet - Initializing Servlet ''
2026-02-23 09:42:14 INFO  o.s.t.w.s.TestDispatcherServlet - Completed initialization in 2 ms
2026-02-23 09:42:14 INFO  c.t.c.TransactionControllerTest - Started TransactionControllerTest in 0.331 seconds (process running for 8.884)
2026-02-23 09:42:14 INFO  o.s.t.c.s.AnnotationConfigContextLoaderUtils - Could not detect default configuration classes for test class [com.task.LibraryManagementSystemApplicationTests]: LibraryManagementSystemApplicationTests does not declare any static, non-private, non-final, nested classes annotated with @Configuration.
2026-02-23 09:42:14 INFO  o.s.b.t.c.SpringBootTestContextBootstrapper - Found @SpringBootConfiguration com.task.LibraryManagementSystemApplication for test class com.task.LibraryManagementSystemApplicationTests
2026-02-23 09:42:14 INFO  o.s.b.d.r.RestartApplicationListener - Restart disabled due to context in which it is running
2026-02-23 09:42:15 INFO  c.t.LibraryManagementSystemApplicationTests - Starting LibraryManagementSystemApplicationTests using Java 21.0.7 with PID 24100 (started by balaj in C:\Users\balaj\Documents\workspace-spring-tools-for-eclipse-4.31.0.RELEASE\LibraryManagementSystem)
2026-02-23 09:42:15 INFO  c.t.LibraryManagementSystemApplicationTests - No active profile set, falling back to 1 default profile: "default"
2026-02-23 09:42:15 INFO  o.s.d.r.c.RepositoryConfigurationDelegate - Bootstrapping Spring Data JPA repositories in DEFAULT mode.
2026-02-23 09:42:15 INFO  o.s.d.r.c.RepositoryConfigurationDelegate - Finished Spring Data repository scanning in 45 ms. Found 5 JPA repository interfaces.
2026-02-23 09:42:16 INFO  org.hibernate.orm.jpa - HHH008540: Processing PersistenceUnitInfo [name: default]
2026-02-23 09:42:16 INFO  org.hibernate.orm.core - HHH000001: Hibernate ORM core version 7.2.1.Final
2026-02-23 09:42:16 INFO  o.s.o.j.p.SpringPersistenceUnitInfo - No LoadTimeWeaver setup: ignoring JPA class transformer
2026-02-23 09:42:17 INFO  com.zaxxer.hikari.HikariDataSource - HikariPool-1 - Starting...
2026-02-23 09:42:17 INFO  com.zaxxer.hikari.pool.HikariPool - HikariPool-1 - Added connection com.mysql.cj.jdbc.ConnectionImpl@deddccb
2026-02-23 09:42:17 INFO  com.zaxxer.hikari.HikariDataSource - HikariPool-1 - Start completed.
2026-02-23 09:42:17 INFO  o.hibernate.orm.connections.pooling - HHH10001005: Database info:
=======
2026-02-18 17:16:25 INFO  c.t.LibraryManagementSystemApplicationTests - Starting LibraryManagementSystemApplicationTests using Java 21.0.7 with PID 27916 (started by balaj in C:\Users\balaj\Documents\workspace-spring-tools-for-eclipse-4.31.0.RELEASE\LibraryManagementSystem)
2026-02-18 17:16:25 INFO  c.t.LibraryManagementSystemApplicationTests - No active profile set, falling back to 1 default profile: "default"
2026-02-18 17:16:26 INFO  o.s.d.r.c.RepositoryConfigurationDelegate - Bootstrapping Spring Data JPA repositories in DEFAULT mode.
2026-02-18 17:16:26 INFO  o.s.d.r.c.RepositoryConfigurationDelegate - Finished Spring Data repository scanning in 64 ms. Found 5 JPA repository interfaces.
2026-02-18 17:16:27 INFO  org.hibernate.orm.jpa - HHH008540: Processing PersistenceUnitInfo [name: default]
2026-02-18 17:16:27 INFO  org.hibernate.orm.core - HHH000001: Hibernate ORM core version 7.2.1.Final
2026-02-18 17:16:28 INFO  o.s.o.j.p.SpringPersistenceUnitInfo - No LoadTimeWeaver setup: ignoring JPA class transformer
2026-02-18 17:16:28 INFO  com.zaxxer.hikari.HikariDataSource - HikariPool-1 - Starting...
2026-02-18 17:16:28 INFO  com.zaxxer.hikari.pool.HikariPool - HikariPool-1 - Added connection com.mysql.cj.jdbc.ConnectionImpl@5cba474f
2026-02-18 17:16:28 INFO  com.zaxxer.hikari.HikariDataSource - HikariPool-1 - Start completed.
2026-02-18 17:16:28 INFO  o.hibernate.orm.connections.pooling - HHH10001005: Database info:
>>>>>>> master
	Database JDBC URL [jdbc:mysql://localhost:3306/LibraryManagementSystem]
	Database driver: MySQL Connector/J
	Database dialect: MySQLDialect
	Database version: 8.0.40
	Default catalog/schema: LibraryManagementSystem/undefined
	Autocommit mode: undefined/unknown
	Isolation level: REPEATABLE_READ [default REPEATABLE_READ]
	JDBC fetch size: none
	Pool: DataSourceConnectionProvider
	Minimum pool size: undefined/unknown
	Maximum pool size: undefined/unknown
<<<<<<< HEAD
2026-02-23 09:42:18 INFO  org.hibernate.orm.core - HHH000489: No JTA platform available (set 'hibernate.transaction.jta.platform' to enable JTA platform integration)
2026-02-23 09:42:18 INFO  o.s.o.j.LocalContainerEntityManagerFactoryBean - Initialized JPA EntityManagerFactory for persistence unit 'default'
2026-02-23 09:42:19 INFO  o.s.d.j.r.q.QueryEnhancerFactories - Hibernate is in classpath; If applicable, HQL parser will be used.
2026-02-23 09:42:19 INFO  o.s.s.c.a.a.c.InitializeUserDetailsBeanManagerConfigurer$InitializeUserDetailsManagerConfigurer - Global AuthenticationManager configured with UserDetailsService bean with name userdetailsService
2026-02-23 09:42:19 WARN  o.s.b.j.a.JpaBaseConfiguration$JpaWebConfiguration - spring.jpa.open-in-view is enabled by default. Therefore, database queries may be performed during view rendering. Explicitly configure spring.jpa.open-in-view to disable this warning
2026-02-23 09:42:20 INFO  o.s.b.a.e.web.EndpointLinksResolver - Exposing 13 endpoints beneath base path '/actuator'
2026-02-23 09:42:20 INFO  c.t.LibraryManagementSystemApplicationTests - Started LibraryManagementSystemApplicationTests in 5.656 seconds (process running for 14.736)
2026-02-23 09:42:21 INFO  o.s.o.j.LocalContainerEntityManagerFactoryBean - Closing JPA EntityManagerFactory for persistence unit 'default'
2026-02-23 09:42:21 INFO  com.zaxxer.hikari.HikariDataSource - HikariPool-1 - Shutdown initiated...
2026-02-23 09:42:21 INFO  com.zaxxer.hikari.HikariDataSource - HikariPool-1 - Shutdown completed.
=======
2026-02-18 17:16:30 INFO  org.hibernate.orm.core - HHH000489: No JTA platform available (set 'hibernate.transaction.jta.platform' to enable JTA platform integration)
2026-02-18 17:16:30 INFO  o.s.o.j.LocalContainerEntityManagerFactoryBean - Initialized JPA EntityManagerFactory for persistence unit 'default'
2026-02-18 17:16:30 INFO  o.s.d.j.r.q.QueryEnhancerFactories - Hibernate is in classpath; If applicable, HQL parser will be used.
2026-02-18 17:16:30 INFO  o.s.s.c.a.a.c.InitializeUserDetailsBeanManagerConfigurer$InitializeUserDetailsManagerConfigurer - Global AuthenticationManager configured with UserDetailsService bean with name userdetailsService
2026-02-18 17:16:31 WARN  o.s.b.j.a.JpaBaseConfiguration$JpaWebConfiguration - spring.jpa.open-in-view is enabled by default. Therefore, database queries may be performed during view rendering. Explicitly configure spring.jpa.open-in-view to disable this warning
2026-02-18 17:16:32 INFO  c.t.LibraryManagementSystemApplicationTests - Started LibraryManagementSystemApplicationTests in 7.479 seconds (process running for 8.979)
2026-02-18 17:16:34 INFO  o.s.o.j.LocalContainerEntityManagerFactoryBean - Closing JPA EntityManagerFactory for persistence unit 'default'
2026-02-18 17:16:34 INFO  com.zaxxer.hikari.HikariDataSource - HikariPool-1 - Shutdown initiated...
2026-02-18 17:16:34 INFO  com.zaxxer.hikari.HikariDataSource - HikariPool-1 - Shutdown completed.
>>>>>>> master
2026-02-25 15:11:29 INFO  c.t.c.BillControllerTest - Starting BillControllerTest using Java 21.0.7 with PID 27772 (started by balaj in C:\Users\balaj\Documents\workspace-spring-tools-for-eclipse-4.31.0.RELEASE\LibraryManagementSystem)
2026-02-25 15:11:29 INFO  c.t.c.BillControllerTest - No active profile set, falling back to 1 default profile: "default"
2026-02-25 15:11:32 INFO  o.s.v.b.OptionalValidatorFactoryBean - Failed to set up a Bean Validation provider: jakarta.validation.NoProviderFoundException: Unable to create a Configuration, because no Jakarta Validation provider could be found. Add a provider like Hibernate Validator (RI) to your classpath.
2026-02-25 15:11:33 INFO  o.s.s.c.a.a.c.InitializeUserDetailsBeanManagerConfigurer$InitializeUserDetailsManagerConfigurer - Global AuthenticationManager configured with UserDetailsService bean with name com.task.security.UserdetailsService#0
2026-02-25 15:11:34 INFO  o.s.b.t.m.w.SpringBootMockServletContext - Initializing Spring TestDispatcherServlet ''
2026-02-25 15:11:34 INFO  o.s.t.w.s.TestDispatcherServlet - Initializing Servlet ''
2026-02-25 15:11:34 INFO  o.s.t.w.s.TestDispatcherServlet - Completed initialization in 9 ms
2026-02-25 15:11:34 INFO  c.t.c.BillControllerTest - Started BillControllerTest in 5.681 seconds (process running for 8.366)
2026-02-25 15:11:35 INFO  o.s.t.c.s.AnnotationConfigContextLoaderUtils - Could not detect default configuration classes for test class [com.task.controllertest.BookControllersTest]: BookControllersTest does not declare any static, non-private, non-final, nested classes annotated with @Configuration.
2026-02-25 15:11:35 INFO  o.s.b.t.c.SpringBootTestContextBootstrapper - Found @SpringBootConfiguration com.task.LibraryManagementSystemApplication for test class com.task.controllertest.BookControllersTest
2026-02-25 15:11:35 INFO  o.s.b.d.r.RestartApplicationListener - Restart disabled due to context in which it is running
2026-02-25 15:11:35 INFO  c.t.c.BookControllersTest - Starting BookControllersTest using Java 21.0.7 with PID 27772 (started by balaj in C:\Users\balaj\Documents\workspace-spring-tools-for-eclipse-4.31.0.RELEASE\LibraryManagementSystem)
2026-02-25 15:11:35 INFO  c.t.c.BookControllersTest - No active profile set, falling back to 1 default profile: "default"
2026-02-25 15:11:36 INFO  o.s.v.b.OptionalValidatorFactoryBean - Failed to set up a Bean Validation provider: jakarta.validation.NoProviderFoundException: Unable to create a Configuration, because no Jakarta Validation provider could be found. Add a provider like Hibernate Validator (RI) to your classpath.
2026-02-25 15:11:36 INFO  o.s.s.c.a.a.c.InitializeUserDetailsBeanManagerConfigurer$InitializeUserDetailsManagerConfigurer - Global AuthenticationManager configured with UserDetailsService bean with name com.task.security.UserdetailsService#0
2026-02-25 15:11:36 INFO  o.s.b.t.m.w.SpringBootMockServletContext - Initializing Spring TestDispatcherServlet ''
2026-02-25 15:11:36 INFO  o.s.t.w.s.TestDispatcherServlet - Initializing Servlet ''
2026-02-25 15:11:36 INFO  o.s.t.w.s.TestDispatcherServlet - Completed initialization in 4 ms
2026-02-25 15:11:36 INFO  c.t.c.BookControllersTest - Started BookControllersTest in 1.073 seconds (process running for 10.501)
2026-02-25 15:11:37 INFO  o.s.t.c.s.AnnotationConfigContextLoaderUtils - Could not detect default configuration classes for test class [com.task.controllertest.LibrarianControllerTest]: LibrarianControllerTest does not declare any static, non-private, non-final, nested classes annotated with @Configuration.
2026-02-25 15:11:37 INFO  o.s.b.t.c.SpringBootTestContextBootstrapper - Found @SpringBootConfiguration com.task.LibraryManagementSystemApplication for test class com.task.controllertest.LibrarianControllerTest
2026-02-25 15:11:37 INFO  o.s.b.d.r.RestartApplicationListener - Restart disabled due to context in which it is running
2026-02-25 15:11:37 INFO  c.t.c.LibrarianControllerTest - Starting LibrarianControllerTest using Java 21.0.7 with PID 27772 (started by balaj in C:\Users\balaj\Documents\workspace-spring-tools-for-eclipse-4.31.0.RELEASE\LibraryManagementSystem)
2026-02-25 15:11:37 INFO  c.t.c.LibrarianControllerTest - No active profile set, falling back to 1 default profile: "default"
2026-02-25 15:11:37 INFO  o.s.v.b.OptionalValidatorFactoryBean - Failed to set up a Bean Validation provider: jakarta.validation.NoProviderFoundException: Unable to create a Configuration, because no Jakarta Validation provider could be found. Add a provider like Hibernate Validator (RI) to your classpath.
2026-02-25 15:11:37 INFO  o.s.s.c.a.a.c.InitializeUserDetailsBeanManagerConfigurer$InitializeUserDetailsManagerConfigurer - Global AuthenticationManager configured with UserDetailsService bean with name com.task.security.UserdetailsService#0
2026-02-25 15:11:37 INFO  o.s.b.t.m.w.SpringBootMockServletContext - Initializing Spring TestDispatcherServlet ''
2026-02-25 15:11:37 INFO  o.s.t.w.s.TestDispatcherServlet - Initializing Servlet ''
2026-02-25 15:11:37 INFO  o.s.t.w.s.TestDispatcherServlet - Completed initialization in 4 ms
2026-02-25 15:11:37 INFO  c.t.c.LibrarianControllerTest - Started LibrarianControllerTest in 0.486 seconds (process running for 11.476)
2026-02-25 15:11:38 INFO  o.s.t.c.s.AnnotationConfigContextLoaderUtils - Could not detect default configuration classes for test class [com.task.controllertest.MemberControllerTest]: MemberControllerTest does not declare any static, non-private, non-final, nested classes annotated with @Configuration.
2026-02-25 15:11:38 INFO  o.s.b.t.c.SpringBootTestContextBootstrapper - Found @SpringBootConfiguration com.task.LibraryManagementSystemApplication for test class com.task.controllertest.MemberControllerTest
2026-02-25 15:11:38 INFO  o.s.b.d.r.RestartApplicationListener - Restart disabled due to context in which it is running
2026-02-25 15:11:38 INFO  c.t.c.MemberControllerTest - Starting MemberControllerTest using Java 21.0.7 with PID 27772 (started by balaj in C:\Users\balaj\Documents\workspace-spring-tools-for-eclipse-4.31.0.RELEASE\LibraryManagementSystem)
2026-02-25 15:11:38 INFO  c.t.c.MemberControllerTest - No active profile set, falling back to 1 default profile: "default"
2026-02-25 15:11:38 INFO  o.s.v.b.OptionalValidatorFactoryBean - Failed to set up a Bean Validation provider: jakarta.validation.NoProviderFoundException: Unable to create a Configuration, because no Jakarta Validation provider could be found. Add a provider like Hibernate Validator (RI) to your classpath.
2026-02-25 15:11:38 INFO  o.s.s.c.a.a.c.InitializeUserDetailsBeanManagerConfigurer$InitializeUserDetailsManagerConfigurer - Global AuthenticationManager configured with UserDetailsService bean with name com.task.security.UserdetailsService#0
2026-02-25 15:11:38 INFO  o.s.b.t.m.w.SpringBootMockServletContext - Initializing Spring TestDispatcherServlet ''
2026-02-25 15:11:38 INFO  o.s.t.w.s.TestDispatcherServlet - Initializing Servlet ''
2026-02-25 15:11:38 INFO  o.s.t.w.s.TestDispatcherServlet - Completed initialization in 4 ms
2026-02-25 15:11:38 INFO  c.t.c.MemberControllerTest - Started MemberControllerTest in 0.428 seconds (process running for 12.258)
2026-02-25 15:11:38 INFO  o.s.t.c.s.AnnotationConfigContextLoaderUtils - Could not detect default configuration classes for test class [com.task.controllertest.TransactionControllerTest]: TransactionControllerTest does not declare any static, non-private, non-final, nested classes annotated with @Configuration.
2026-02-25 15:11:38 INFO  o.s.b.t.c.SpringBootTestContextBootstrapper - Found @SpringBootConfiguration com.task.LibraryManagementSystemApplication for test class com.task.controllertest.TransactionControllerTest
2026-02-25 15:11:38 INFO  o.s.b.d.r.RestartApplicationListener - Restart disabled due to context in which it is running
2026-02-25 15:11:38 INFO  c.t.c.TransactionControllerTest - Starting TransactionControllerTest using Java 21.0.7 with PID 27772 (started by balaj in C:\Users\balaj\Documents\workspace-spring-tools-for-eclipse-4.31.0.RELEASE\LibraryManagementSystem)
2026-02-25 15:11:38 INFO  c.t.c.TransactionControllerTest - No active profile set, falling back to 1 default profile: "default"
2026-02-25 15:11:39 INFO  o.s.v.b.OptionalValidatorFactoryBean - Failed to set up a Bean Validation provider: jakarta.validation.NoProviderFoundException: Unable to create a Configuration, because no Jakarta Validation provider could be found. Add a provider like Hibernate Validator (RI) to your classpath.
2026-02-25 15:11:39 INFO  o.s.s.c.a.a.c.InitializeUserDetailsBeanManagerConfigurer$InitializeUserDetailsManagerConfigurer - Global AuthenticationManager configured with UserDetailsService bean with name com.task.security.UserdetailsService#0
2026-02-25 15:11:39 INFO  o.s.b.t.m.w.SpringBootMockServletContext - Initializing Spring TestDispatcherServlet ''
2026-02-25 15:11:39 INFO  o.s.t.w.s.TestDispatcherServlet - Initializing Servlet ''
2026-02-25 15:11:39 INFO  o.s.t.w.s.TestDispatcherServlet - Completed initialization in 6 ms
2026-02-25 15:11:39 INFO  c.t.c.TransactionControllerTest - Started TransactionControllerTest in 0.384 seconds (process running for 12.847)
2026-02-25 15:11:39 INFO  o.s.t.c.s.AnnotationConfigContextLoaderUtils - Could not detect default configuration classes for test class [com.task.LibraryManagementSystemApplicationTests]: LibraryManagementSystemApplicationTests does not declare any static, non-private, non-final, nested classes annotated with @Configuration.
2026-02-25 15:11:39 INFO  o.s.b.t.c.SpringBootTestContextBootstrapper - Found @SpringBootConfiguration com.task.LibraryManagementSystemApplication for test class com.task.LibraryManagementSystemApplicationTests
2026-02-25 15:11:39 INFO  o.s.b.d.r.RestartApplicationListener - Restart disabled due to context in which it is running
2026-02-25 15:11:39 INFO  c.t.LibraryManagementSystemApplicationTests - Starting LibraryManagementSystemApplicationTests using Java 21.0.7 with PID 27772 (started by balaj in C:\Users\balaj\Documents\workspace-spring-tools-for-eclipse-4.31.0.RELEASE\LibraryManagementSystem)
2026-02-25 15:11:39 INFO  c.t.LibraryManagementSystemApplicationTests - No active profile set, falling back to 1 default profile: "default"
2026-02-25 15:11:40 INFO  o.s.d.r.c.RepositoryConfigurationDelegate - Bootstrapping Spring Data JPA repositories in DEFAULT mode.
2026-02-25 15:11:40 INFO  o.s.d.r.c.RepositoryConfigurationDelegate - Finished Spring Data repository scanning in 91 ms. Found 5 JPA repository interfaces.
2026-02-25 15:11:42 INFO  org.hibernate.orm.jpa - HHH008540: Processing PersistenceUnitInfo [name: default]
2026-02-25 15:11:42 INFO  org.hibernate.orm.core - HHH000001: Hibernate ORM core version 7.2.1.Final
2026-02-25 15:11:42 INFO  o.s.o.j.p.SpringPersistenceUnitInfo - No LoadTimeWeaver setup: ignoring JPA class transformer
2026-02-25 15:11:42 INFO  com.zaxxer.hikari.HikariDataSource - HikariPool-1 - Starting...
2026-02-25 15:11:43 INFO  com.zaxxer.hikari.pool.HikariPool - HikariPool-1 - Added connection com.mysql.cj.jdbc.ConnectionImpl@2efb1871
2026-02-25 15:11:43 INFO  com.zaxxer.hikari.HikariDataSource - HikariPool-1 - Start completed.
2026-02-25 15:11:43 INFO  o.hibernate.orm.connections.pooling - HHH10001005: Database info:
	Database JDBC URL [jdbc:mysql://localhost:3306/LibraryManagementSystem]
	Database driver: MySQL Connector/J
	Database dialect: MySQLDialect
	Database version: 8.0.40
	Default catalog/schema: LibraryManagementSystem/undefined
	Autocommit mode: undefined/unknown
	Isolation level: REPEATABLE_READ [default REPEATABLE_READ]
	JDBC fetch size: none
	Pool: DataSourceConnectionProvider
	Minimum pool size: undefined/unknown
	Maximum pool size: undefined/unknown
2026-02-25 15:11:45 INFO  org.hibernate.orm.core - HHH000489: No JTA platform available (set 'hibernate.transaction.jta.platform' to enable JTA platform integration)
2026-02-25 15:11:45 INFO  o.s.o.j.LocalContainerEntityManagerFactoryBean - Initialized JPA EntityManagerFactory for persistence unit 'default'
2026-02-25 15:11:45 INFO  o.s.d.j.r.q.QueryEnhancerFactories - Hibernate is in classpath; If applicable, HQL parser will be used.
2026-02-25 15:11:47 WARN  o.s.b.j.a.JpaBaseConfiguration$JpaWebConfiguration - spring.jpa.open-in-view is enabled by default. Therefore, database queries may be performed during view rendering. Explicitly configure spring.jpa.open-in-view to disable this warning
2026-02-25 15:11:47 INFO  o.s.s.c.a.a.c.InitializeUserDetailsBeanManagerConfigurer$InitializeUserDetailsManagerConfigurer - Global AuthenticationManager configured with UserDetailsService bean with name userdetailsService
2026-02-25 15:11:47 INFO  o.s.v.b.OptionalValidatorFactoryBean - Failed to set up a Bean Validation provider: jakarta.validation.NoProviderFoundException: Unable to create a Configuration, because no Jakarta Validation provider could be found. Add a provider like Hibernate Validator (RI) to your classpath.
2026-02-25 15:11:48 INFO  o.s.b.a.e.web.EndpointLinksResolver - Exposing 13 endpoints beneath base path '/actuator'
2026-02-25 15:11:48 INFO  c.t.LibraryManagementSystemApplicationTests - Started LibraryManagementSystemApplicationTests in 9.475 seconds (process running for 22.508)
2026-02-25 15:11:50 INFO  o.s.o.j.LocalContainerEntityManagerFactoryBean - Closing JPA EntityManagerFactory for persistence unit 'default'
2026-02-25 15:11:50 INFO  com.zaxxer.hikari.HikariDataSource - HikariPool-1 - Shutdown initiated...
2026-02-25 15:11:50 INFO  com.zaxxer.hikari.HikariDataSource - HikariPool-1 - Shutdown completed.
2026-02-25 15:15:27 INFO  c.t.c.BillControllerTest - Starting BillControllerTest using Java 21.0.7 with PID 23600 (started by balaj in C:\Users\balaj\Documents\workspace-spring-tools-for-eclipse-4.31.0.RELEASE\LibraryManagementSystem)
2026-02-25 15:15:27 INFO  c.t.c.BillControllerTest - No active profile set, falling back to 1 default profile: "default"
2026-02-25 15:15:30 INFO  o.s.v.b.OptionalValidatorFactoryBean - Failed to set up a Bean Validation provider: jakarta.validation.NoProviderFoundException: Unable to create a Configuration, because no Jakarta Validation provider could be found. Add a provider like Hibernate Validator (RI) to your classpath.
2026-02-25 15:15:31 INFO  o.s.s.c.a.a.c.InitializeUserDetailsBeanManagerConfigurer$InitializeUserDetailsManagerConfigurer - Global AuthenticationManager configured with UserDetailsService bean with name com.task.security.UserdetailsService#0
2026-02-25 15:15:32 INFO  o.s.b.t.m.w.SpringBootMockServletContext - Initializing Spring TestDispatcherServlet ''
2026-02-25 15:15:32 INFO  o.s.t.w.s.TestDispatcherServlet - Initializing Servlet ''
2026-02-25 15:15:32 INFO  o.s.t.w.s.TestDispatcherServlet - Completed initialization in 13 ms
2026-02-25 15:15:32 INFO  c.t.c.BillControllerTest - Started BillControllerTest in 5.798 seconds (process running for 8.042)
2026-02-25 15:15:33 INFO  o.s.t.c.s.AnnotationConfigContextLoaderUtils - Could not detect default configuration classes for test class [com.task.controllertest.BookControllersTest]: BookControllersTest does not declare any static, non-private, non-final, nested classes annotated with @Configuration.
2026-02-25 15:15:33 INFO  o.s.b.t.c.SpringBootTestContextBootstrapper - Found @SpringBootConfiguration com.task.LibraryManagementSystemApplication for test class com.task.controllertest.BookControllersTest
2026-02-25 15:15:33 INFO  o.s.b.d.r.RestartApplicationListener - Restart disabled due to context in which it is running
2026-02-25 15:15:33 INFO  c.t.c.BookControllersTest - Starting BookControllersTest using Java 21.0.7 with PID 23600 (started by balaj in C:\Users\balaj\Documents\workspace-spring-tools-for-eclipse-4.31.0.RELEASE\LibraryManagementSystem)
2026-02-25 15:15:33 INFO  c.t.c.BookControllersTest - No active profile set, falling back to 1 default profile: "default"
2026-02-25 15:15:34 INFO  o.s.v.b.OptionalValidatorFactoryBean - Failed to set up a Bean Validation provider: jakarta.validation.NoProviderFoundException: Unable to create a Configuration, because no Jakarta Validation provider could be found. Add a provider like Hibernate Validator (RI) to your classpath.
2026-02-25 15:15:34 INFO  o.s.s.c.a.a.c.InitializeUserDetailsBeanManagerConfigurer$InitializeUserDetailsManagerConfigurer - Global AuthenticationManager configured with UserDetailsService bean with name com.task.security.UserdetailsService#0
2026-02-25 15:15:34 INFO  o.s.b.t.m.w.SpringBootMockServletContext - Initializing Spring TestDispatcherServlet ''
2026-02-25 15:15:34 INFO  o.s.t.w.s.TestDispatcherServlet - Initializing Servlet ''
2026-02-25 15:15:34 INFO  o.s.t.w.s.TestDispatcherServlet - Completed initialization in 4 ms
2026-02-25 15:15:34 INFO  c.t.c.BookControllersTest - Started BookControllersTest in 1.125 seconds (process running for 10.439)
2026-02-25 15:15:35 INFO  o.s.t.c.s.AnnotationConfigContextLoaderUtils - Could not detect default configuration classes for test class [com.task.controllertest.LibrarianControllerTest]: LibrarianControllerTest does not declare any static, non-private, non-final, nested classes annotated with @Configuration.
2026-02-25 15:15:35 INFO  o.s.b.t.c.SpringBootTestContextBootstrapper - Found @SpringBootConfiguration com.task.LibraryManagementSystemApplication for test class com.task.controllertest.LibrarianControllerTest
2026-02-25 15:15:35 INFO  o.s.b.d.r.RestartApplicationListener - Restart disabled due to context in which it is running
2026-02-25 15:15:35 INFO  c.t.c.LibrarianControllerTest - Starting LibrarianControllerTest using Java 21.0.7 with PID 23600 (started by balaj in C:\Users\balaj\Documents\workspace-spring-tools-for-eclipse-4.31.0.RELEASE\LibraryManagementSystem)
2026-02-25 15:15:35 INFO  c.t.c.LibrarianControllerTest - No active profile set, falling back to 1 default profile: "default"
2026-02-25 15:15:35 INFO  o.s.v.b.OptionalValidatorFactoryBean - Failed to set up a Bean Validation provider: jakarta.validation.NoProviderFoundException: Unable to create a Configuration, because no Jakarta Validation provider could be found. Add a provider like Hibernate Validator (RI) to your classpath.
2026-02-25 15:15:35 INFO  o.s.s.c.a.a.c.InitializeUserDetailsBeanManagerConfigurer$InitializeUserDetailsManagerConfigurer - Global AuthenticationManager configured with UserDetailsService bean with name com.task.security.UserdetailsService#0
2026-02-25 15:15:35 INFO  o.s.b.t.m.w.SpringBootMockServletContext - Initializing Spring TestDispatcherServlet ''
2026-02-25 15:15:35 INFO  o.s.t.w.s.TestDispatcherServlet - Initializing Servlet ''
2026-02-25 15:15:35 INFO  o.s.t.w.s.TestDispatcherServlet - Completed initialization in 9 ms
2026-02-25 15:15:35 INFO  c.t.c.LibrarianControllerTest - Started LibrarianControllerTest in 0.569 seconds (process running for 11.385)
2026-02-25 15:15:36 INFO  o.s.t.c.s.AnnotationConfigContextLoaderUtils - Could not detect default configuration classes for test class [com.task.controllertest.MemberControllerTest]: MemberControllerTest does not declare any static, non-private, non-final, nested classes annotated with @Configuration.
2026-02-25 15:15:36 INFO  o.s.b.t.c.SpringBootTestContextBootstrapper - Found @SpringBootConfiguration com.task.LibraryManagementSystemApplication for test class com.task.controllertest.MemberControllerTest
2026-02-25 15:15:36 INFO  o.s.b.d.r.RestartApplicationListener - Restart disabled due to context in which it is running
2026-02-25 15:15:36 INFO  c.t.c.MemberControllerTest - Starting MemberControllerTest using Java 21.0.7 with PID 23600 (started by balaj in C:\Users\balaj\Documents\workspace-spring-tools-for-eclipse-4.31.0.RELEASE\LibraryManagementSystem)
2026-02-25 15:15:36 INFO  c.t.c.MemberControllerTest - No active profile set, falling back to 1 default profile: "default"
2026-02-25 15:15:36 INFO  o.s.v.b.OptionalValidatorFactoryBean - Failed to set up a Bean Validation provider: jakarta.validation.NoProviderFoundException: Unable to create a Configuration, because no Jakarta Validation provider could be found. Add a provider like Hibernate Validator (RI) to your classpath.
2026-02-25 15:15:36 INFO  o.s.s.c.a.a.c.InitializeUserDetailsBeanManagerConfigurer$InitializeUserDetailsManagerConfigurer - Global AuthenticationManager configured with UserDetailsService bean with name com.task.security.UserdetailsService#0
2026-02-25 15:15:36 INFO  o.s.b.t.m.w.SpringBootMockServletContext - Initializing Spring TestDispatcherServlet ''
2026-02-25 15:15:36 INFO  o.s.t.w.s.TestDispatcherServlet - Initializing Servlet ''
2026-02-25 15:15:36 INFO  o.s.t.w.s.TestDispatcherServlet - Completed initialization in 5 ms
2026-02-25 15:15:36 INFO  c.t.c.MemberControllerTest - Started MemberControllerTest in 0.393 seconds (process running for 12.2)
2026-02-25 15:15:36 INFO  o.s.t.c.s.AnnotationConfigContextLoaderUtils - Could not detect default configuration classes for test class [com.task.controllertest.TransactionControllerTest]: TransactionControllerTest does not declare any static, non-private, non-final, nested classes annotated with @Configuration.
2026-02-25 15:15:36 INFO  o.s.b.t.c.SpringBootTestContextBootstrapper - Found @SpringBootConfiguration com.task.LibraryManagementSystemApplication for test class com.task.controllertest.TransactionControllerTest
2026-02-25 15:15:36 INFO  o.s.b.d.r.RestartApplicationListener - Restart disabled due to context in which it is running
2026-02-25 15:15:36 INFO  c.t.c.TransactionControllerTest - Starting TransactionControllerTest using Java 21.0.7 with PID 23600 (started by balaj in C:\Users\balaj\Documents\workspace-spring-tools-for-eclipse-4.31.0.RELEASE\LibraryManagementSystem)
2026-02-25 15:15:36 INFO  c.t.c.TransactionControllerTest - No active profile set, falling back to 1 default profile: "default"
2026-02-25 15:15:37 INFO  o.s.v.b.OptionalValidatorFactoryBean - Failed to set up a Bean Validation provider: jakarta.validation.NoProviderFoundException: Unable to create a Configuration, because no Jakarta Validation provider could be found. Add a provider like Hibernate Validator (RI) to your classpath.
2026-02-25 15:15:37 INFO  o.s.s.c.a.a.c.InitializeUserDetailsBeanManagerConfigurer$InitializeUserDetailsManagerConfigurer - Global AuthenticationManager configured with UserDetailsService bean with name com.task.security.UserdetailsService#0
2026-02-25 15:15:37 INFO  o.s.b.t.m.w.SpringBootMockServletContext - Initializing Spring TestDispatcherServlet ''
2026-02-25 15:15:37 INFO  o.s.t.w.s.TestDispatcherServlet - Initializing Servlet ''
2026-02-25 15:15:37 INFO  o.s.t.w.s.TestDispatcherServlet - Completed initialization in 4 ms
2026-02-25 15:15:37 INFO  c.t.c.TransactionControllerTest - Started TransactionControllerTest in 0.501 seconds (process running for 12.891)
2026-02-25 15:15:37 INFO  o.s.t.c.s.AnnotationConfigContextLoaderUtils - Could not detect default configuration classes for test class [com.task.LibraryManagementSystemApplicationTests]: LibraryManagementSystemApplicationTests does not declare any static, non-private, non-final, nested classes annotated with @Configuration.
2026-02-25 15:15:37 INFO  o.s.b.t.c.SpringBootTestContextBootstrapper - Found @SpringBootConfiguration com.task.LibraryManagementSystemApplication for test class com.task.LibraryManagementSystemApplicationTests
2026-02-25 15:15:37 INFO  o.s.b.d.r.RestartApplicationListener - Restart disabled due to context in which it is running
2026-02-25 15:15:37 INFO  c.t.LibraryManagementSystemApplicationTests - Starting LibraryManagementSystemApplicationTests using Java 21.0.7 with PID 23600 (started by balaj in C:\Users\balaj\Documents\workspace-spring-tools-for-eclipse-4.31.0.RELEASE\LibraryManagementSystem)
2026-02-25 15:15:37 INFO  c.t.LibraryManagementSystemApplicationTests - No active profile set, falling back to 1 default profile: "default"
2026-02-25 15:15:38 INFO  o.s.d.r.c.RepositoryConfigurationDelegate - Bootstrapping Spring Data JPA repositories in DEFAULT mode.
2026-02-25 15:15:38 INFO  o.s.d.r.c.RepositoryConfigurationDelegate - Finished Spring Data repository scanning in 80 ms. Found 5 JPA repository interfaces.
2026-02-25 15:15:40 INFO  org.hibernate.orm.jpa - HHH008540: Processing PersistenceUnitInfo [name: default]
2026-02-25 15:15:40 INFO  org.hibernate.orm.core - HHH000001: Hibernate ORM core version 7.2.1.Final
2026-02-25 15:15:41 INFO  o.s.o.j.p.SpringPersistenceUnitInfo - No LoadTimeWeaver setup: ignoring JPA class transformer
2026-02-25 15:15:41 INFO  com.zaxxer.hikari.HikariDataSource - HikariPool-1 - Starting...
2026-02-25 15:15:42 INFO  com.zaxxer.hikari.pool.HikariPool - HikariPool-1 - Added connection com.mysql.cj.jdbc.ConnectionImpl@354e6aaa
2026-02-25 15:15:42 INFO  com.zaxxer.hikari.HikariDataSource - HikariPool-1 - Start completed.
2026-02-25 15:15:42 INFO  o.hibernate.orm.connections.pooling - HHH10001005: Database info:
	Database JDBC URL [jdbc:mysql://localhost:3306/LibraryManagementSystem]
	Database driver: MySQL Connector/J
	Database dialect: MySQLDialect
	Database version: 8.0.40
	Default catalog/schema: LibraryManagementSystem/undefined
	Autocommit mode: undefined/unknown
	Isolation level: REPEATABLE_READ [default REPEATABLE_READ]
	JDBC fetch size: none
	Pool: DataSourceConnectionProvider
	Minimum pool size: undefined/unknown
	Maximum pool size: undefined/unknown
2026-02-25 15:15:42 INFO  c.t.LibraryManagementSystemApplication - Starting LibraryManagementSystemApplication using Java 21.0.7 with PID 30300 (C:\Users\balaj\Documents\workspace-spring-tools-for-eclipse-4.31.0.RELEASE\LibraryManagementSystem\target\classes started by balaj in C:\Users\balaj\Documents\workspace-spring-tools-for-eclipse-4.31.0.RELEASE\LibraryManagementSystem)
2026-02-25 15:15:42 INFO  c.t.LibraryManagementSystemApplication - No active profile set, falling back to 1 default profile: "default"
2026-02-25 15:15:42 INFO  o.s.b.d.e.DevToolsPropertyDefaultsPostProcessor - Devtools property defaults active! Set 'spring.devtools.add-properties' to 'false' to disable
2026-02-25 15:15:42 INFO  o.s.b.d.e.DevToolsPropertyDefaultsPostProcessor - For additional web related logging consider setting the 'logging.level.web' property to 'DEBUG'
2026-02-25 15:15:43 INFO  o.s.d.r.c.RepositoryConfigurationDelegate - Bootstrapping Spring Data JPA repositories in DEFAULT mode.
2026-02-25 15:15:43 INFO  org.hibernate.orm.core - HHH000489: No JTA platform available (set 'hibernate.transaction.jta.platform' to enable JTA platform integration)
2026-02-25 15:15:43 INFO  o.s.d.r.c.RepositoryConfigurationDelegate - Finished Spring Data repository scanning in 81 ms. Found 5 JPA repository interfaces.
2026-02-25 15:15:44 INFO  o.s.o.j.LocalContainerEntityManagerFactoryBean - Initialized JPA EntityManagerFactory for persistence unit 'default'
2026-02-25 15:15:44 INFO  o.s.d.j.r.q.QueryEnhancerFactories - Hibernate is in classpath; If applicable, HQL parser will be used.
2026-02-25 15:15:45 INFO  o.s.boot.tomcat.TomcatWebServer - Tomcat initialized with port 8080 (http)
2026-02-25 15:15:45 INFO  o.a.catalina.core.StandardService - Starting service [Tomcat]
2026-02-25 15:15:45 INFO  o.a.catalina.core.StandardEngine - Starting Servlet engine: [Apache Tomcat/11.0.15]
2026-02-25 15:15:45 INFO  o.s.b.w.c.s.WebApplicationContextInitializer - Root WebApplicationContext: initialization completed in 2520 ms
2026-02-25 15:15:45 INFO  org.hibernate.orm.jpa - HHH008540: Processing PersistenceUnitInfo [name: default]
2026-02-25 15:15:45 INFO  org.hibernate.orm.core - HHH000001: Hibernate ORM core version 7.2.1.Final
2026-02-25 15:15:45 WARN  o.s.b.j.a.JpaBaseConfiguration$JpaWebConfiguration - spring.jpa.open-in-view is enabled by default. Therefore, database queries may be performed during view rendering. Explicitly configure spring.jpa.open-in-view to disable this warning
2026-02-25 15:15:46 INFO  o.s.s.c.a.a.c.InitializeUserDetailsBeanManagerConfigurer$InitializeUserDetailsManagerConfigurer - Global AuthenticationManager configured with UserDetailsService bean with name userdetailsService
2026-02-25 15:15:46 INFO  o.s.v.b.OptionalValidatorFactoryBean - Failed to set up a Bean Validation provider: jakarta.validation.NoProviderFoundException: Unable to create a Configuration, because no Jakarta Validation provider could be found. Add a provider like Hibernate Validator (RI) to your classpath.
2026-02-25 15:15:46 INFO  o.s.o.j.p.SpringPersistenceUnitInfo - No LoadTimeWeaver setup: ignoring JPA class transformer
2026-02-25 15:15:46 INFO  com.zaxxer.hikari.HikariDataSource - HikariPool-1 - Starting...
2026-02-25 15:15:47 INFO  com.zaxxer.hikari.pool.HikariPool - HikariPool-1 - Added connection com.mysql.cj.jdbc.ConnectionImpl@60c4efcd
2026-02-25 15:15:47 INFO  com.zaxxer.hikari.HikariDataSource - HikariPool-1 - Start completed.
2026-02-25 15:15:47 INFO  o.hibernate.orm.connections.pooling - HHH10001005: Database info:
	Database JDBC URL [jdbc:mysql://localhost:3306/LibraryManagementSystem]
	Database driver: MySQL Connector/J
	Database dialect: MySQLDialect
	Database version: 8.0.40
	Default catalog/schema: LibraryManagementSystem/undefined
	Autocommit mode: undefined/unknown
	Isolation level: REPEATABLE_READ [default REPEATABLE_READ]
	JDBC fetch size: none
	Pool: DataSourceConnectionProvider
	Minimum pool size: undefined/unknown
	Maximum pool size: undefined/unknown
2026-02-25 15:15:47 INFO  o.s.b.a.e.web.EndpointLinksResolver - Exposing 13 endpoints beneath base path '/actuator'
2026-02-25 15:15:48 INFO  c.t.LibraryManagementSystemApplicationTests - Started LibraryManagementSystemApplicationTests in 10.608 seconds (process running for 23.679)
2026-02-25 15:15:48 INFO  org.hibernate.orm.core - HHH000489: No JTA platform available (set 'hibernate.transaction.jta.platform' to enable JTA platform integration)
2026-02-25 15:15:48 INFO  o.s.o.j.LocalContainerEntityManagerFactoryBean - Initialized JPA EntityManagerFactory for persistence unit 'default'
2026-02-25 15:15:49 INFO  o.s.d.j.r.q.QueryEnhancerFactories - Hibernate is in classpath; If applicable, HQL parser will be used.
2026-02-25 15:15:49 INFO  o.s.o.j.LocalContainerEntityManagerFactoryBean - Closing JPA EntityManagerFactory for persistence unit 'default'
2026-02-25 15:15:49 INFO  com.zaxxer.hikari.HikariDataSource - HikariPool-1 - Shutdown initiated...
2026-02-25 15:15:49 INFO  com.zaxxer.hikari.HikariDataSource - HikariPool-1 - Shutdown completed.
2026-02-25 15:15:49 WARN  o.s.b.j.a.JpaBaseConfiguration$JpaWebConfiguration - spring.jpa.open-in-view is enabled by default. Therefore, database queries may be performed during view rendering. Explicitly configure spring.jpa.open-in-view to disable this warning
2026-02-25 15:15:49 INFO  o.s.s.c.a.a.c.InitializeUserDetailsBeanManagerConfigurer$InitializeUserDetailsManagerConfigurer - Global AuthenticationManager configured with UserDetailsService bean with name userdetailsService
2026-02-25 15:15:50 INFO  o.s.v.b.OptionalValidatorFactoryBean - Failed to set up a Bean Validation provider: jakarta.validation.NoProviderFoundException: Unable to create a Configuration, because no Jakarta Validation provider could be found. Add a provider like Hibernate Validator (RI) to your classpath.
2026-02-25 15:15:51 INFO  o.s.b.a.e.web.EndpointLinksResolver - Exposing 13 endpoints beneath base path '/actuator'
2026-02-25 15:15:51 INFO  o.s.boot.tomcat.TomcatWebServer - Tomcat started on port 8080 (http) with context path '/'
2026-02-25 15:15:51 INFO  c.t.LibraryManagementSystemApplication - Started LibraryManagementSystemApplication in 9.412 seconds (process running for 10.906)
2026-02-25 15:15:52 INFO  o.a.c.c.C.[Tomcat].[localhost].[/] - Initializing Spring DispatcherServlet 'dispatcherServlet'
2026-02-25 15:15:52 INFO  o.s.web.servlet.DispatcherServlet - Initializing Servlet 'dispatcherServlet'
2026-02-25 15:15:52 INFO  o.s.web.servlet.DispatcherServlet - Completed initialization in 2 ms
2026-02-25 15:18:40 WARN  o.s.w.s.m.s.DefaultHandlerExceptionResolver - Resolved [org.springframework.web.HttpRequestMethodNotSupportedException: Request method 'GET' is not supported]
2026-02-25 15:26:52 INFO  o.s.b.a.SpringApplicationAdminMXBeanRegistrar$SpringApplicationAdmin - Application shutdown requested.
2026-02-25 15:26:52 INFO  o.s.boot.tomcat.GracefulShutdown - Commencing graceful shutdown. Waiting for active requests to complete
2026-02-25 15:26:52 INFO  o.s.boot.tomcat.GracefulShutdown - Graceful shutdown complete
2026-02-25 15:26:52 INFO  o.s.o.j.LocalContainerEntityManagerFactoryBean - Closing JPA EntityManagerFactory for persistence unit 'default'
2026-02-25 15:26:52 INFO  com.zaxxer.hikari.HikariDataSource - HikariPool-1 - Shutdown initiated...
2026-02-25 15:26:52 INFO  com.zaxxer.hikari.HikariDataSource - HikariPool-1 - Shutdown completed.
2026-02-25 15:26:55 INFO  c.t.LibraryManagementSystemApplication - Starting LibraryManagementSystemApplication using Java 21.0.7 with PID 30808 (C:\Users\balaj\Documents\workspace-spring-tools-for-eclipse-4.31.0.RELEASE\LibraryManagementSystem\target\classes started by balaj in C:\Users\balaj\Documents\workspace-spring-tools-for-eclipse-4.31.0.RELEASE\LibraryManagementSystem)
2026-02-25 15:26:55 INFO  c.t.LibraryManagementSystemApplication - No active profile set, falling back to 1 default profile: "default"
2026-02-25 15:26:55 INFO  o.s.b.d.e.DevToolsPropertyDefaultsPostProcessor - Devtools property defaults active! Set 'spring.devtools.add-properties' to 'false' to disable
2026-02-25 15:26:55 INFO  o.s.b.d.e.DevToolsPropertyDefaultsPostProcessor - For additional web related logging consider setting the 'logging.level.web' property to 'DEBUG'
2026-02-25 15:26:56 INFO  o.s.d.r.c.RepositoryConfigurationDelegate - Bootstrapping Spring Data JPA repositories in DEFAULT mode.
2026-02-25 15:26:56 INFO  o.s.d.r.c.RepositoryConfigurationDelegate - Finished Spring Data repository scanning in 64 ms. Found 5 JPA repository interfaces.
2026-02-25 15:26:59 INFO  o.s.boot.tomcat.TomcatWebServer - Tomcat initialized with port 8080 (http)
2026-02-25 15:26:59 INFO  o.a.catalina.core.StandardService - Starting service [Tomcat]
2026-02-25 15:26:59 INFO  o.a.catalina.core.StandardEngine - Starting Servlet engine: [Apache Tomcat/11.0.15]
2026-02-25 15:26:59 INFO  o.s.b.w.c.s.WebApplicationContextInitializer - Root WebApplicationContext: initialization completed in 3662 ms
2026-02-25 15:27:00 INFO  org.hibernate.orm.jpa - HHH008540: Processing PersistenceUnitInfo [name: default]
2026-02-25 15:27:00 INFO  org.hibernate.orm.core - HHH000001: Hibernate ORM core version 7.2.1.Final
2026-02-25 15:27:02 INFO  o.s.o.j.p.SpringPersistenceUnitInfo - No LoadTimeWeaver setup: ignoring JPA class transformer
2026-02-25 15:27:02 INFO  com.zaxxer.hikari.HikariDataSource - HikariPool-1 - Starting...
2026-02-25 15:27:03 INFO  com.zaxxer.hikari.pool.HikariPool - HikariPool-1 - Added connection com.mysql.cj.jdbc.ConnectionImpl@778d30ec
2026-02-25 15:27:03 INFO  com.zaxxer.hikari.HikariDataSource - HikariPool-1 - Start completed.
2026-02-25 15:27:03 INFO  o.hibernate.orm.connections.pooling - HHH10001005: Database info:
	Database JDBC URL [jdbc:mysql://localhost:3306/LibraryManagementSystem]
	Database driver: MySQL Connector/J
	Database dialect: MySQLDialect
	Database version: 8.0.40
	Default catalog/schema: LibraryManagementSystem/undefined
	Autocommit mode: undefined/unknown
	Isolation level: REPEATABLE_READ [default REPEATABLE_READ]
	JDBC fetch size: none
	Pool: DataSourceConnectionProvider
	Minimum pool size: undefined/unknown
	Maximum pool size: undefined/unknown
2026-02-25 15:27:06 INFO  org.hibernate.orm.core - HHH000489: No JTA platform available (set 'hibernate.transaction.jta.platform' to enable JTA platform integration)
2026-02-25 15:27:07 INFO  o.s.o.j.LocalContainerEntityManagerFactoryBean - Initialized JPA EntityManagerFactory for persistence unit 'default'
2026-02-25 15:27:07 INFO  o.s.d.j.r.q.QueryEnhancerFactories - Hibernate is in classpath; If applicable, HQL parser will be used.
2026-02-25 15:27:08 WARN  o.s.b.j.a.JpaBaseConfiguration$JpaWebConfiguration - spring.jpa.open-in-view is enabled by default. Therefore, database queries may be performed during view rendering. Explicitly configure spring.jpa.open-in-view to disable this warning
2026-02-25 15:27:09 INFO  o.s.s.c.a.a.c.InitializeUserDetailsBeanManagerConfigurer$InitializeUserDetailsManagerConfigurer - Global AuthenticationManager configured with UserDetailsService bean with name userdetailsService
2026-02-25 15:27:10 INFO  o.s.v.b.OptionalValidatorFactoryBean - Failed to set up a Bean Validation provider: jakarta.validation.NoProviderFoundException: Unable to create a Configuration, because no Jakarta Validation provider could be found. Add a provider like Hibernate Validator (RI) to your classpath.
2026-02-25 15:27:12 INFO  o.s.b.a.e.web.EndpointLinksResolver - Exposing 13 endpoints beneath base path '/actuator'
2026-02-25 15:27:13 INFO  o.s.boot.tomcat.TomcatWebServer - Tomcat started on port 8080 (http) with context path '/'
2026-02-25 15:27:13 INFO  c.t.LibraryManagementSystemApplication - Started LibraryManagementSystemApplication in 17.979 seconds (process running for 19.11)
2026-02-25 15:27:14 INFO  o.a.c.c.C.[Tomcat].[localhost].[/] - Initializing Spring DispatcherServlet 'dispatcherServlet'
2026-02-25 15:27:14 INFO  o.s.web.servlet.DispatcherServlet - Initializing Servlet 'dispatcherServlet'
2026-02-25 15:27:14 INFO  o.s.web.servlet.DispatcherServlet - Completed initialization in 3 ms
2026-02-25 15:43:42 WARN  o.jboss.resteasy.client.jaxrs.i18n - RESTEASY004687: Closing a class org.jboss.resteasy.client.jaxrs.engines.ManualClosingApacheHttpClient43Engine$CleanupAction instance for you. Please close clients yourself.
2026-02-25 15:44:36 INFO  com.task.aop.LoggingAspect - Entering LibrarianServiceImpl.verifyMember() with args=[1]
2026-02-25 15:44:36 INFO  com.task.aop.LoggingAspect - ➡️ Entering LibrarianServiceImpl.verifyMember() with args=[1]
2026-02-25 15:44:36 INFO  com.task.aop.LoggingAspect - Entering MemberServiceImpl.retriveMember() with args=[1]
2026-02-25 15:44:36 INFO  com.task.aop.LoggingAspect - Entering MemberServiceImpl.retriveMember() with args=[1]
2026-02-25 15:44:36 INFO  com.task.aop.LoggingAspect - Exiting MemberServiceImpl.retriveMember() | Time=130 ms
2026-02-25 15:44:36 INFO  com.task.aop.LoggingAspect - Exiting MemberServiceImpl.retriveMember() | Time=130 ms
2026-02-25 15:44:36 INFO  com.task.aop.LoggingAspect - Exiting LibrarianServiceImpl.verifyMember() | Time=131 ms
2026-02-25 15:44:36 INFO  com.task.aop.LoggingAspect - Exiting LibrarianServiceImpl.verifyMember() | Time=131 ms
2026-02-25 15:44:56 INFO  com.task.aop.LoggingAspect - Entering LibrarianServiceImpl.verifyMember() with args=[1]
2026-02-25 15:44:56 INFO  com.task.aop.LoggingAspect - ➡️ Entering LibrarianServiceImpl.verifyMember() with args=[1]
2026-02-25 15:44:56 INFO  com.task.aop.LoggingAspect - Entering MemberServiceImpl.retriveMember() with args=[1]
2026-02-25 15:44:56 INFO  com.task.aop.LoggingAspect - Entering MemberServiceImpl.retriveMember() with args=[1]
2026-02-25 15:44:56 INFO  com.task.aop.LoggingAspect - Exiting MemberServiceImpl.retriveMember() | Time=3 ms
2026-02-25 15:44:56 INFO  com.task.aop.LoggingAspect - Exiting MemberServiceImpl.retriveMember() | Time=4 ms
2026-02-25 15:44:56 INFO  com.task.aop.LoggingAspect - Exiting LibrarianServiceImpl.verifyMember() | Time=4 ms
2026-02-25 15:44:56 INFO  com.task.aop.LoggingAspect - Exiting LibrarianServiceImpl.verifyMember() | Time=4 ms
2026-02-25 15:48:07 INFO  o.s.b.d.a.LocalDevToolsAutoConfiguration$RestartingClassPathChangeChangedEventListener - Restarting due to 1 class path change (0 additions, 0 deletions, 1 modification)
2026-02-25 15:48:07 INFO  o.s.boot.tomcat.GracefulShutdown - Commencing graceful shutdown. Waiting for active requests to complete
2026-02-25 15:48:07 INFO  o.s.boot.tomcat.GracefulShutdown - Graceful shutdown complete
2026-02-25 15:48:07 INFO  o.s.o.j.LocalContainerEntityManagerFactoryBean - Closing JPA EntityManagerFactory for persistence unit 'default'
2026-02-25 15:48:07 INFO  com.zaxxer.hikari.HikariDataSource - HikariPool-1 - Shutdown initiated...
2026-02-25 15:48:07 INFO  com.zaxxer.hikari.HikariDataSource - HikariPool-1 - Shutdown completed.
2026-02-25 15:48:07 INFO  c.t.LibraryManagementSystemApplication - Starting LibraryManagementSystemApplication using Java 21.0.7 with PID 30808 (C:\Users\balaj\Documents\workspace-spring-tools-for-eclipse-4.31.0.RELEASE\LibraryManagementSystem\target\classes started by balaj in C:\Users\balaj\Documents\workspace-spring-tools-for-eclipse-4.31.0.RELEASE\LibraryManagementSystem)
2026-02-25 15:48:07 INFO  c.t.LibraryManagementSystemApplication - No active profile set, falling back to 1 default profile: "default"
2026-02-25 15:48:07 INFO  o.s.d.r.c.RepositoryConfigurationDelegate - Bootstrapping Spring Data JPA repositories in DEFAULT mode.
2026-02-25 15:48:07 INFO  o.s.d.r.c.RepositoryConfigurationDelegate - Finished Spring Data repository scanning in 21 ms. Found 5 JPA repository interfaces.
2026-02-25 15:48:08 INFO  o.s.boot.tomcat.TomcatWebServer - Tomcat initialized with port 8080 (http)
2026-02-25 15:48:08 INFO  o.a.catalina.core.StandardService - Starting service [Tomcat]
2026-02-25 15:48:08 INFO  o.a.catalina.core.StandardEngine - Starting Servlet engine: [Apache Tomcat/11.0.15]
2026-02-25 15:48:08 WARN  o.jboss.resteasy.client.jaxrs.i18n - RESTEASY004687: Closing a class org.jboss.resteasy.client.jaxrs.engines.ManualClosingApacheHttpClient43Engine$CleanupAction instance for you. Please close clients yourself.
2026-02-25 15:48:08 WARN  o.jboss.resteasy.client.jaxrs.i18n - RESTEASY004687: Closing a class org.jboss.resteasy.client.jaxrs.engines.ManualClosingApacheHttpClient43Engine$CleanupAction instance for you. Please close clients yourself.
2026-02-25 15:48:08 INFO  o.s.b.w.c.s.WebApplicationContextInitializer - Root WebApplicationContext: initialization completed in 602 ms
2026-02-25 15:48:08 INFO  org.hibernate.orm.jpa - HHH008540: Processing PersistenceUnitInfo [name: default]
2026-02-25 15:48:08 INFO  o.s.o.j.p.SpringPersistenceUnitInfo - No LoadTimeWeaver setup: ignoring JPA class transformer
2026-02-25 15:48:08 INFO  com.zaxxer.hikari.HikariDataSource - HikariPool-2 - Starting...
2026-02-25 15:48:08 INFO  com.zaxxer.hikari.pool.HikariPool - HikariPool-2 - Added connection com.mysql.cj.jdbc.ConnectionImpl@5fae4f71
2026-02-25 15:48:08 INFO  com.zaxxer.hikari.HikariDataSource - HikariPool-2 - Start completed.
2026-02-25 15:48:08 INFO  o.hibernate.orm.connections.pooling - HHH10001005: Database info:
	Database JDBC URL [jdbc:mysql://localhost:3306/LibraryManagementSystem]
	Database driver: MySQL Connector/J
	Database dialect: MySQLDialect
	Database version: 8.0.40
	Default catalog/schema: LibraryManagementSystem/undefined
	Autocommit mode: undefined/unknown
	Isolation level: REPEATABLE_READ [default REPEATABLE_READ]
	JDBC fetch size: none
	Pool: DataSourceConnectionProvider
	Minimum pool size: undefined/unknown
	Maximum pool size: undefined/unknown
2026-02-25 15:48:08 INFO  org.hibernate.orm.core - HHH000489: No JTA platform available (set 'hibernate.transaction.jta.platform' to enable JTA platform integration)
2026-02-25 15:48:08 INFO  o.s.o.j.LocalContainerEntityManagerFactoryBean - Initialized JPA EntityManagerFactory for persistence unit 'default'
2026-02-25 15:48:08 WARN  o.s.b.j.a.JpaBaseConfiguration$JpaWebConfiguration - spring.jpa.open-in-view is enabled by default. Therefore, database queries may be performed during view rendering. Explicitly configure spring.jpa.open-in-view to disable this warning
2026-02-25 15:48:08 INFO  o.s.s.c.a.a.c.InitializeUserDetailsBeanManagerConfigurer$InitializeUserDetailsManagerConfigurer - Global AuthenticationManager configured with UserDetailsService bean with name userdetailsService
2026-02-25 15:48:09 INFO  o.s.v.b.OptionalValidatorFactoryBean - Failed to set up a Bean Validation provider: jakarta.validation.NoProviderFoundException: Unable to create a Configuration, because no Jakarta Validation provider could be found. Add a provider like Hibernate Validator (RI) to your classpath.
2026-02-25 15:48:09 INFO  o.s.b.a.e.web.EndpointLinksResolver - Exposing 13 endpoints beneath base path '/actuator'
2026-02-25 15:48:09 INFO  o.s.boot.tomcat.TomcatWebServer - Tomcat started on port 8080 (http) with context path '/'
2026-02-25 15:48:09 INFO  c.t.LibraryManagementSystemApplication - Started LibraryManagementSystemApplication in 1.95 seconds (process running for 1275.504)
2026-02-25 15:48:09 INFO  o.s.b.d.a.ConditionEvaluationDeltaLoggingListener - Condition evaluation unchanged
2026-02-25 15:48:10 INFO  o.s.b.d.a.LocalDevToolsAutoConfiguration$RestartingClassPathChangeChangedEventListener - Restarting due to 1 class path change (0 additions, 0 deletions, 1 modification)
2026-02-25 15:48:10 INFO  o.s.boot.tomcat.GracefulShutdown - Commencing graceful shutdown. Waiting for active requests to complete
2026-02-25 15:48:10 INFO  o.s.boot.tomcat.GracefulShutdown - Graceful shutdown complete
2026-02-25 15:48:10 INFO  o.s.o.j.LocalContainerEntityManagerFactoryBean - Closing JPA EntityManagerFactory for persistence unit 'default'
2026-02-25 15:48:10 INFO  com.zaxxer.hikari.HikariDataSource - HikariPool-2 - Shutdown initiated...
2026-02-25 15:48:10 INFO  com.zaxxer.hikari.HikariDataSource - HikariPool-2 - Shutdown completed.
2026-02-25 15:48:10 INFO  c.t.LibraryManagementSystemApplication - Starting LibraryManagementSystemApplication using Java 21.0.7 with PID 30808 (C:\Users\balaj\Documents\workspace-spring-tools-for-eclipse-4.31.0.RELEASE\LibraryManagementSystem\target\classes started by balaj in C:\Users\balaj\Documents\workspace-spring-tools-for-eclipse-4.31.0.RELEASE\LibraryManagementSystem)
2026-02-25 15:48:10 INFO  c.t.LibraryManagementSystemApplication - No active profile set, falling back to 1 default profile: "default"
2026-02-25 15:48:11 INFO  o.s.d.r.c.RepositoryConfigurationDelegate - Bootstrapping Spring Data JPA repositories in DEFAULT mode.
2026-02-25 15:48:11 INFO  o.s.d.r.c.RepositoryConfigurationDelegate - Finished Spring Data repository scanning in 23 ms. Found 5 JPA repository interfaces.
2026-02-25 15:48:11 INFO  o.s.boot.tomcat.TomcatWebServer - Tomcat initialized with port 8080 (http)
2026-02-25 15:48:11 INFO  o.a.catalina.core.StandardService - Starting service [Tomcat]
2026-02-25 15:48:11 INFO  o.a.catalina.core.StandardEngine - Starting Servlet engine: [Apache Tomcat/11.0.15]
2026-02-25 15:48:11 INFO  o.s.b.w.c.s.WebApplicationContextInitializer - Root WebApplicationContext: initialization completed in 398 ms
2026-02-25 15:48:11 INFO  org.hibernate.orm.jpa - HHH008540: Processing PersistenceUnitInfo [name: default]
2026-02-25 15:48:11 INFO  o.s.o.j.p.SpringPersistenceUnitInfo - No LoadTimeWeaver setup: ignoring JPA class transformer
2026-02-25 15:48:11 INFO  com.zaxxer.hikari.HikariDataSource - HikariPool-3 - Starting...
2026-02-25 15:48:11 INFO  com.zaxxer.hikari.pool.HikariPool - HikariPool-3 - Added connection com.mysql.cj.jdbc.ConnectionImpl@17ec11a2
2026-02-25 15:48:11 INFO  com.zaxxer.hikari.HikariDataSource - HikariPool-3 - Start completed.
2026-02-25 15:48:11 INFO  o.hibernate.orm.connections.pooling - HHH10001005: Database info:
	Database JDBC URL [jdbc:mysql://localhost:3306/LibraryManagementSystem]
	Database driver: MySQL Connector/J
	Database dialect: MySQLDialect
	Database version: 8.0.40
	Default catalog/schema: LibraryManagementSystem/undefined
	Autocommit mode: undefined/unknown
	Isolation level: REPEATABLE_READ [default REPEATABLE_READ]
	JDBC fetch size: none
	Pool: DataSourceConnectionProvider
	Minimum pool size: undefined/unknown
	Maximum pool size: undefined/unknown
2026-02-25 15:48:11 INFO  org.hibernate.orm.core - HHH000489: No JTA platform available (set 'hibernate.transaction.jta.platform' to enable JTA platform integration)
2026-02-25 15:48:11 INFO  o.s.o.j.LocalContainerEntityManagerFactoryBean - Initialized JPA EntityManagerFactory for persistence unit 'default'
2026-02-25 15:48:11 WARN  o.s.b.j.a.JpaBaseConfiguration$JpaWebConfiguration - spring.jpa.open-in-view is enabled by default. Therefore, database queries may be performed during view rendering. Explicitly configure spring.jpa.open-in-view to disable this warning
2026-02-25 15:48:11 INFO  o.s.s.c.a.a.c.InitializeUserDetailsBeanManagerConfigurer$InitializeUserDetailsManagerConfigurer - Global AuthenticationManager configured with UserDetailsService bean with name userdetailsService
2026-02-25 15:48:12 INFO  o.s.v.b.OptionalValidatorFactoryBean - Failed to set up a Bean Validation provider: jakarta.validation.NoProviderFoundException: Unable to create a Configuration, because no Jakarta Validation provider could be found. Add a provider like Hibernate Validator (RI) to your classpath.
2026-02-25 15:48:12 INFO  o.s.b.a.e.web.EndpointLinksResolver - Exposing 13 endpoints beneath base path '/actuator'
2026-02-25 15:48:12 INFO  o.s.boot.tomcat.TomcatWebServer - Tomcat started on port 8080 (http) with context path '/'
2026-02-25 15:48:12 INFO  c.t.LibraryManagementSystemApplication - Started LibraryManagementSystemApplication in 1.576 seconds (process running for 1278.525)
2026-02-25 15:48:12 INFO  o.s.b.d.a.ConditionEvaluationDeltaLoggingListener - Condition evaluation unchanged
2026-02-25 15:48:35 INFO  o.a.c.c.C.[Tomcat].[localhost].[/] - Initializing Spring DispatcherServlet 'dispatcherServlet'
2026-02-25 15:48:35 INFO  o.s.web.servlet.DispatcherServlet - Initializing Servlet 'dispatcherServlet'
2026-02-25 15:48:35 INFO  o.s.web.servlet.DispatcherServlet - Completed initialization in 3 ms
2026-02-25 15:49:22 INFO  com.task.aop.LoggingAspect - Entering LibrarianServiceImpl.verifyMember() with args=[1]
2026-02-25 15:49:22 INFO  com.task.aop.LoggingAspect - ➡️ Entering LibrarianServiceImpl.verifyMember() with args=[1]
2026-02-25 15:49:22 INFO  com.task.aop.LoggingAspect - Entering MemberServiceImpl.retriveMember() with args=[1]
2026-02-25 15:49:22 INFO  com.task.aop.LoggingAspect - Entering MemberServiceImpl.retriveMember() with args=[1]
2026-02-25 15:49:22 INFO  com.task.aop.LoggingAspect - Exiting MemberServiceImpl.retriveMember() | Time=3 ms
2026-02-25 15:49:22 INFO  com.task.aop.LoggingAspect - Exiting MemberServiceImpl.retriveMember() | Time=4 ms
2026-02-25 15:49:22 INFO  com.task.aop.LoggingAspect - Exiting LibrarianServiceImpl.verifyMember() | Time=4 ms
2026-02-25 15:49:22 INFO  com.task.aop.LoggingAspect - Exiting LibrarianServiceImpl.verifyMember() | Time=4 ms
2026-02-25 15:49:35 INFO  com.task.aop.LoggingAspect - Entering LibrarianServiceImpl.verifyMember() with args=[1]
2026-02-25 15:49:35 INFO  com.task.aop.LoggingAspect - ➡️ Entering LibrarianServiceImpl.verifyMember() with args=[1]
2026-02-25 15:49:35 INFO  com.task.aop.LoggingAspect - Entering MemberServiceImpl.retriveMember() with args=[1]
2026-02-25 15:49:35 INFO  com.task.aop.LoggingAspect - Entering MemberServiceImpl.retriveMember() with args=[1]
2026-02-25 15:49:35 INFO  com.task.aop.LoggingAspect - Exiting MemberServiceImpl.retriveMember() | Time=4 ms
2026-02-25 15:49:35 INFO  com.task.aop.LoggingAspect - Exiting MemberServiceImpl.retriveMember() | Time=4 ms
2026-02-25 15:49:35 INFO  com.task.aop.LoggingAspect - Exiting LibrarianServiceImpl.verifyMember() | Time=4 ms
2026-02-25 15:49:35 INFO  com.task.aop.LoggingAspect - Exiting LibrarianServiceImpl.verifyMember() | Time=5 ms
2026-02-25 16:09:59 WARN  o.jboss.resteasy.client.jaxrs.i18n - RESTEASY004687: Closing a class org.jboss.resteasy.client.jaxrs.engines.ManualClosingApacheHttpClient43Engine$CleanupAction instance for you. Please close clients yourself.
2026-02-25 16:09:59 WARN  o.jboss.resteasy.client.jaxrs.i18n - RESTEASY004687: Closing a class org.jboss.resteasy.client.jaxrs.engines.ManualClosingApacheHttpClient43Engine$CleanupAction instance for you. Please close clients yourself.
2026-02-25 16:43:46 INFO  o.s.b.d.a.LocalDevToolsAutoConfiguration$RestartingClassPathChangeChangedEventListener - Restarting due to 4 class path changes (0 additions, 1 deletion, 3 modifications)
2026-02-25 16:43:46 INFO  o.s.boot.tomcat.GracefulShutdown - Commencing graceful shutdown. Waiting for active requests to complete
2026-02-25 16:43:46 INFO  o.s.boot.tomcat.GracefulShutdown - Graceful shutdown complete
2026-02-25 16:43:46 INFO  o.s.o.j.LocalContainerEntityManagerFactoryBean - Closing JPA EntityManagerFactory for persistence unit 'default'
2026-02-25 16:43:46 INFO  com.zaxxer.hikari.HikariDataSource - HikariPool-3 - Shutdown initiated...
2026-02-25 16:43:46 INFO  com.zaxxer.hikari.HikariDataSource - HikariPool-3 - Shutdown completed.
2026-02-25 16:43:46 INFO  c.t.LibraryManagementSystemApplication - Starting LibraryManagementSystemApplication using Java 21.0.7 with PID 30808 (C:\Users\balaj\Documents\workspace-spring-tools-for-eclipse-4.31.0.RELEASE\LibraryManagementSystem\target\classes started by balaj in C:\Users\balaj\Documents\workspace-spring-tools-for-eclipse-4.31.0.RELEASE\LibraryManagementSystem)
2026-02-25 16:43:46 INFO  c.t.LibraryManagementSystemApplication - No active profile set, falling back to 1 default profile: "default"
2026-02-25 16:43:46 INFO  o.s.d.r.c.RepositoryConfigurationDelegate - Bootstrapping Spring Data JPA repositories in DEFAULT mode.
2026-02-25 16:43:46 INFO  o.s.d.r.c.RepositoryConfigurationDelegate - Finished Spring Data repository scanning in 18 ms. Found 5 JPA repository interfaces.
2026-02-25 16:43:46 INFO  o.s.boot.tomcat.TomcatWebServer - Tomcat initialized with port 8080 (http)
2026-02-25 16:43:46 INFO  o.a.catalina.core.StandardService - Starting service [Tomcat]
2026-02-25 16:43:46 INFO  o.a.catalina.core.StandardEngine - Starting Servlet engine: [Apache Tomcat/11.0.15]
2026-02-25 16:43:46 INFO  o.s.b.w.c.s.WebApplicationContextInitializer - Root WebApplicationContext: initialization completed in 474 ms
2026-02-25 16:43:46 INFO  org.hibernate.orm.jpa - HHH008540: Processing PersistenceUnitInfo [name: default]
2026-02-25 16:43:46 INFO  o.s.o.j.p.SpringPersistenceUnitInfo - No LoadTimeWeaver setup: ignoring JPA class transformer
2026-02-25 16:43:46 INFO  com.zaxxer.hikari.HikariDataSource - HikariPool-4 - Starting...
2026-02-25 16:43:46 INFO  com.zaxxer.hikari.pool.HikariPool - HikariPool-4 - Added connection com.mysql.cj.jdbc.ConnectionImpl@ec8c5de
2026-02-25 16:43:46 INFO  com.zaxxer.hikari.HikariDataSource - HikariPool-4 - Start completed.
2026-02-25 16:43:46 INFO  o.hibernate.orm.connections.pooling - HHH10001005: Database info:
	Database JDBC URL [jdbc:mysql://localhost:3306/LibraryManagementSystem]
	Database driver: MySQL Connector/J
	Database dialect: MySQLDialect
	Database version: 8.0.40
	Default catalog/schema: LibraryManagementSystem/undefined
	Autocommit mode: undefined/unknown
	Isolation level: REPEATABLE_READ [default REPEATABLE_READ]
	JDBC fetch size: none
	Pool: DataSourceConnectionProvider
	Minimum pool size: undefined/unknown
	Maximum pool size: undefined/unknown
2026-02-25 16:43:47 INFO  org.hibernate.orm.core - HHH000489: No JTA platform available (set 'hibernate.transaction.jta.platform' to enable JTA platform integration)
2026-02-25 16:43:47 INFO  o.s.o.j.LocalContainerEntityManagerFactoryBean - Initialized JPA EntityManagerFactory for persistence unit 'default'
2026-02-25 16:43:47 WARN  o.s.b.j.a.JpaBaseConfiguration$JpaWebConfiguration - spring.jpa.open-in-view is enabled by default. Therefore, database queries may be performed during view rendering. Explicitly configure spring.jpa.open-in-view to disable this warning
2026-02-25 16:43:47 INFO  o.s.v.b.OptionalValidatorFactoryBean - Failed to set up a Bean Validation provider: jakarta.validation.NoProviderFoundException: Unable to create a Configuration, because no Jakarta Validation provider could be found. Add a provider like Hibernate Validator (RI) to your classpath.
2026-02-25 16:43:47 INFO  o.s.b.a.e.web.EndpointLinksResolver - Exposing 13 endpoints beneath base path '/actuator'
2026-02-25 16:43:47 INFO  o.s.boot.tomcat.TomcatWebServer - Tomcat started on port 8080 (http) with context path '/'
2026-02-25 16:43:47 INFO  c.t.LibraryManagementSystemApplication - Started LibraryManagementSystemApplication in 1.539 seconds (process running for 4613.883)
2026-02-25 16:43:47 INFO  o.s.b.d.a.ConditionEvaluationDeltaLoggingListener - Condition evaluation unchanged
2026-02-25 16:43:52 INFO  o.s.b.d.a.LocalDevToolsAutoConfiguration$RestartingClassPathChangeChangedEventListener - Restarting due to 4 class path changes (0 additions, 1 deletion, 3 modifications)
2026-02-25 16:43:52 INFO  o.s.boot.tomcat.GracefulShutdown - Commencing graceful shutdown. Waiting for active requests to complete
2026-02-25 16:43:52 INFO  o.s.boot.tomcat.GracefulShutdown - Graceful shutdown complete
2026-02-25 16:43:52 INFO  o.s.o.j.LocalContainerEntityManagerFactoryBean - Closing JPA EntityManagerFactory for persistence unit 'default'
2026-02-25 16:43:52 INFO  com.zaxxer.hikari.HikariDataSource - HikariPool-4 - Shutdown initiated...
2026-02-25 16:43:52 INFO  com.zaxxer.hikari.HikariDataSource - HikariPool-4 - Shutdown completed.
2026-02-25 16:43:52 INFO  c.t.LibraryManagementSystemApplication - Starting LibraryManagementSystemApplication using Java 21.0.7 with PID 30808 (C:\Users\balaj\Documents\workspace-spring-tools-for-eclipse-4.31.0.RELEASE\LibraryManagementSystem\target\classes started by balaj in C:\Users\balaj\Documents\workspace-spring-tools-for-eclipse-4.31.0.RELEASE\LibraryManagementSystem)
2026-02-25 16:43:52 INFO  c.t.LibraryManagementSystemApplication - No active profile set, falling back to 1 default profile: "default"
2026-02-25 16:43:52 INFO  o.s.d.r.c.RepositoryConfigurationDelegate - Bootstrapping Spring Data JPA repositories in DEFAULT mode.
2026-02-25 16:43:52 INFO  o.s.d.r.c.RepositoryConfigurationDelegate - Finished Spring Data repository scanning in 16 ms. Found 5 JPA repository interfaces.
2026-02-25 16:43:52 INFO  o.s.boot.tomcat.TomcatWebServer - Tomcat initialized with port 8080 (http)
2026-02-25 16:43:52 INFO  o.a.catalina.core.StandardService - Starting service [Tomcat]
2026-02-25 16:43:52 INFO  o.a.catalina.core.StandardEngine - Starting Servlet engine: [Apache Tomcat/11.0.15]
2026-02-25 16:43:52 INFO  o.s.b.w.c.s.WebApplicationContextInitializer - Root WebApplicationContext: initialization completed in 304 ms
2026-02-25 16:43:52 INFO  org.hibernate.orm.jpa - HHH008540: Processing PersistenceUnitInfo [name: default]
2026-02-25 16:43:52 INFO  o.s.o.j.p.SpringPersistenceUnitInfo - No LoadTimeWeaver setup: ignoring JPA class transformer
2026-02-25 16:43:52 INFO  com.zaxxer.hikari.HikariDataSource - HikariPool-5 - Starting...
2026-02-25 16:43:52 INFO  com.zaxxer.hikari.pool.HikariPool - HikariPool-5 - Added connection com.mysql.cj.jdbc.ConnectionImpl@1dbdd85e
2026-02-25 16:43:52 INFO  com.zaxxer.hikari.HikariDataSource - HikariPool-5 - Start completed.
2026-02-25 16:43:52 INFO  o.hibernate.orm.connections.pooling - HHH10001005: Database info:
	Database JDBC URL [jdbc:mysql://localhost:3306/LibraryManagementSystem]
	Database driver: MySQL Connector/J
	Database dialect: MySQLDialect
	Database version: 8.0.40
	Default catalog/schema: LibraryManagementSystem/undefined
	Autocommit mode: undefined/unknown
	Isolation level: REPEATABLE_READ [default REPEATABLE_READ]
	JDBC fetch size: none
	Pool: DataSourceConnectionProvider
	Minimum pool size: undefined/unknown
	Maximum pool size: undefined/unknown
2026-02-25 16:43:52 INFO  org.hibernate.orm.core - HHH000489: No JTA platform available (set 'hibernate.transaction.jta.platform' to enable JTA platform integration)
2026-02-25 16:43:52 INFO  o.s.o.j.LocalContainerEntityManagerFactoryBean - Initialized JPA EntityManagerFactory for persistence unit 'default'
2026-02-25 16:43:52 WARN  o.s.b.w.s.s.c.AnnotationConfigServletWebServerApplicationContext - Exception encountered during context initialization - cancelling refresh attempt: org.springframework.beans.factory.UnsatisfiedDependencyException: Error creating bean with name 'authController': Unsatisfied dependency expressed through field 'passwordEncoder': No qualifying bean of type 'org.springframework.security.crypto.password.PasswordEncoder' available: expected at least 1 bean which qualifies as autowire candidate. Dependency annotations: {@org.springframework.beans.factory.annotation.Autowired(required=true)}
2026-02-25 16:43:52 INFO  o.s.o.j.LocalContainerEntityManagerFactoryBean - Closing JPA EntityManagerFactory for persistence unit 'default'
2026-02-25 16:43:52 INFO  com.zaxxer.hikari.HikariDataSource - HikariPool-5 - Shutdown initiated...
2026-02-25 16:43:52 INFO  com.zaxxer.hikari.HikariDataSource - HikariPool-5 - Shutdown completed.
2026-02-25 16:43:52 INFO  o.a.catalina.core.StandardService - Stopping service [Tomcat]
2026-02-25 16:43:52 INFO  o.s.b.a.l.ConditionEvaluationReportLogger - 

Error starting ApplicationContext. To display the condition evaluation report re-run your application with 'debug' enabled.
2026-02-25 16:43:52 ERROR o.s.b.d.LoggingFailureAnalysisReporter - 

***************************
APPLICATION FAILED TO START
***************************

Description:

Field passwordEncoder in com.task.controller.AuthController required a bean of type 'org.springframework.security.crypto.password.PasswordEncoder' that could not be found.

The injection point has the following annotations:
	- @org.springframework.beans.factory.annotation.Autowired(required=true)


Action:

Consider defining a bean of type 'org.springframework.security.crypto.password.PasswordEncoder' in your configuration.

2026-02-25 16:45:36 INFO  c.t.LibraryManagementSystemApplication - Starting LibraryManagementSystemApplication using Java 21.0.7 with PID 27256 (C:\Users\balaj\Documents\workspace-spring-tools-for-eclipse-4.31.0.RELEASE\LibraryManagementSystem\target\classes started by balaj in C:\Users\balaj\Documents\workspace-spring-tools-for-eclipse-4.31.0.RELEASE\LibraryManagementSystem)
2026-02-25 16:45:36 INFO  c.t.LibraryManagementSystemApplication - No active profile set, falling back to 1 default profile: "default"
2026-02-25 16:45:36 INFO  o.s.b.d.e.DevToolsPropertyDefaultsPostProcessor - Devtools property defaults active! Set 'spring.devtools.add-properties' to 'false' to disable
2026-02-25 16:45:36 INFO  o.s.b.d.e.DevToolsPropertyDefaultsPostProcessor - For additional web related logging consider setting the 'logging.level.web' property to 'DEBUG'
2026-02-25 16:45:36 INFO  o.s.d.r.c.RepositoryConfigurationDelegate - Bootstrapping Spring Data JPA repositories in DEFAULT mode.
2026-02-25 16:45:37 INFO  o.s.d.r.c.RepositoryConfigurationDelegate - Finished Spring Data repository scanning in 45 ms. Found 5 JPA repository interfaces.
2026-02-25 16:45:37 INFO  o.s.boot.tomcat.TomcatWebServer - Tomcat initialized with port 8080 (http)
2026-02-25 16:45:37 INFO  o.a.catalina.core.StandardService - Starting service [Tomcat]
2026-02-25 16:45:37 INFO  o.a.catalina.core.StandardEngine - Starting Servlet engine: [Apache Tomcat/11.0.15]
2026-02-25 16:45:37 INFO  o.s.b.w.c.s.WebApplicationContextInitializer - Root WebApplicationContext: initialization completed in 1415 ms
2026-02-25 16:45:38 INFO  org.hibernate.orm.jpa - HHH008540: Processing PersistenceUnitInfo [name: default]
2026-02-25 16:45:38 INFO  org.hibernate.orm.core - HHH000001: Hibernate ORM core version 7.2.1.Final
2026-02-25 16:45:38 INFO  o.s.o.j.p.SpringPersistenceUnitInfo - No LoadTimeWeaver setup: ignoring JPA class transformer
2026-02-25 16:45:38 INFO  com.zaxxer.hikari.HikariDataSource - HikariPool-1 - Starting...
2026-02-25 16:45:38 INFO  com.zaxxer.hikari.pool.HikariPool - HikariPool-1 - Added connection com.mysql.cj.jdbc.ConnectionImpl@2807bf9c
2026-02-25 16:45:38 INFO  com.zaxxer.hikari.HikariDataSource - HikariPool-1 - Start completed.
2026-02-25 16:45:38 INFO  o.hibernate.orm.connections.pooling - HHH10001005: Database info:
	Database JDBC URL [jdbc:mysql://localhost:3306/LibraryManagementSystem]
	Database driver: MySQL Connector/J
	Database dialect: MySQLDialect
	Database version: 8.0.40
	Default catalog/schema: LibraryManagementSystem/undefined
	Autocommit mode: undefined/unknown
	Isolation level: REPEATABLE_READ [default REPEATABLE_READ]
	JDBC fetch size: none
	Pool: DataSourceConnectionProvider
	Minimum pool size: undefined/unknown
	Maximum pool size: undefined/unknown
2026-02-25 16:45:39 INFO  org.hibernate.orm.core - HHH000489: No JTA platform available (set 'hibernate.transaction.jta.platform' to enable JTA platform integration)
2026-02-25 16:45:39 INFO  o.s.o.j.LocalContainerEntityManagerFactoryBean - Initialized JPA EntityManagerFactory for persistence unit 'default'
2026-02-25 16:45:39 INFO  o.s.d.j.r.q.QueryEnhancerFactories - Hibernate is in classpath; If applicable, HQL parser will be used.
2026-02-25 16:45:40 WARN  o.s.b.w.s.s.c.AnnotationConfigServletWebServerApplicationContext - Exception encountered during context initialization - cancelling refresh attempt: org.springframework.beans.factory.UnsatisfiedDependencyException: Error creating bean with name 'authController': Unsatisfied dependency expressed through field 'passwordEncoder': No qualifying bean of type 'org.springframework.security.crypto.password.PasswordEncoder' available: expected at least 1 bean which qualifies as autowire candidate. Dependency annotations: {@org.springframework.beans.factory.annotation.Autowired(required=true)}
2026-02-25 16:45:40 INFO  o.s.o.j.LocalContainerEntityManagerFactoryBean - Closing JPA EntityManagerFactory for persistence unit 'default'
2026-02-25 16:45:40 INFO  com.zaxxer.hikari.HikariDataSource - HikariPool-1 - Shutdown initiated...
2026-02-25 16:45:40 INFO  com.zaxxer.hikari.HikariDataSource - HikariPool-1 - Shutdown completed.
2026-02-25 16:45:40 INFO  o.a.catalina.core.StandardService - Stopping service [Tomcat]
2026-02-25 16:45:40 INFO  o.s.b.a.l.ConditionEvaluationReportLogger - 

Error starting ApplicationContext. To display the condition evaluation report re-run your application with 'debug' enabled.
2026-02-25 16:45:40 ERROR o.s.b.d.LoggingFailureAnalysisReporter - 

***************************
APPLICATION FAILED TO START
***************************

Description:

Field passwordEncoder in com.task.controller.AuthController required a bean of type 'org.springframework.security.crypto.password.PasswordEncoder' that could not be found.

The injection point has the following annotations:
	- @org.springframework.beans.factory.annotation.Autowired(required=true)


Action:

Consider defining a bean of type 'org.springframework.security.crypto.password.PasswordEncoder' in your configuration.

2026-02-25 16:45:42 INFO  c.t.LibraryManagementSystemApplication - Starting LibraryManagementSystemApplication using Java 21.0.7 with PID 20788 (C:\Users\balaj\Documents\workspace-spring-tools-for-eclipse-4.31.0.RELEASE\LibraryManagementSystem\target\classes started by balaj in C:\Users\balaj\Documents\workspace-spring-tools-for-eclipse-4.31.0.RELEASE\LibraryManagementSystem)
2026-02-25 16:45:42 INFO  c.t.LibraryManagementSystemApplication - No active profile set, falling back to 1 default profile: "default"
2026-02-25 16:45:42 INFO  o.s.b.d.e.DevToolsPropertyDefaultsPostProcessor - Devtools property defaults active! Set 'spring.devtools.add-properties' to 'false' to disable
2026-02-25 16:45:42 INFO  o.s.b.d.e.DevToolsPropertyDefaultsPostProcessor - For additional web related logging consider setting the 'logging.level.web' property to 'DEBUG'
2026-02-25 16:45:43 INFO  o.s.d.r.c.RepositoryConfigurationDelegate - Bootstrapping Spring Data JPA repositories in DEFAULT mode.
2026-02-25 16:45:43 INFO  o.s.d.r.c.RepositoryConfigurationDelegate - Finished Spring Data repository scanning in 42 ms. Found 5 JPA repository interfaces.
2026-02-25 16:45:43 INFO  o.s.boot.tomcat.TomcatWebServer - Tomcat initialized with port 8080 (http)
2026-02-25 16:45:43 INFO  o.a.catalina.core.StandardService - Starting service [Tomcat]
2026-02-25 16:45:43 INFO  o.a.catalina.core.StandardEngine - Starting Servlet engine: [Apache Tomcat/11.0.15]
2026-02-25 16:45:43 INFO  o.s.b.w.c.s.WebApplicationContextInitializer - Root WebApplicationContext: initialization completed in 1263 ms
2026-02-25 16:45:44 INFO  org.hibernate.orm.jpa - HHH008540: Processing PersistenceUnitInfo [name: default]
2026-02-25 16:45:44 INFO  org.hibernate.orm.core - HHH000001: Hibernate ORM core version 7.2.1.Final
2026-02-25 16:45:44 INFO  o.s.o.j.p.SpringPersistenceUnitInfo - No LoadTimeWeaver setup: ignoring JPA class transformer
2026-02-25 16:45:44 INFO  com.zaxxer.hikari.HikariDataSource - HikariPool-1 - Starting...
2026-02-25 16:45:44 INFO  com.zaxxer.hikari.pool.HikariPool - HikariPool-1 - Added connection com.mysql.cj.jdbc.ConnectionImpl@299cda89
2026-02-25 16:45:44 INFO  com.zaxxer.hikari.HikariDataSource - HikariPool-1 - Start completed.
2026-02-25 16:45:44 INFO  o.hibernate.orm.connections.pooling - HHH10001005: Database info:
	Database JDBC URL [jdbc:mysql://localhost:3306/LibraryManagementSystem]
	Database driver: MySQL Connector/J
	Database dialect: MySQLDialect
	Database version: 8.0.40
	Default catalog/schema: LibraryManagementSystem/undefined
	Autocommit mode: undefined/unknown
	Isolation level: REPEATABLE_READ [default REPEATABLE_READ]
	JDBC fetch size: none
	Pool: DataSourceConnectionProvider
	Minimum pool size: undefined/unknown
	Maximum pool size: undefined/unknown
2026-02-25 16:45:45 INFO  org.hibernate.orm.core - HHH000489: No JTA platform available (set 'hibernate.transaction.jta.platform' to enable JTA platform integration)
2026-02-25 16:45:45 INFO  o.s.o.j.LocalContainerEntityManagerFactoryBean - Initialized JPA EntityManagerFactory for persistence unit 'default'
2026-02-25 16:45:45 INFO  o.s.d.j.r.q.QueryEnhancerFactories - Hibernate is in classpath; If applicable, HQL parser will be used.
2026-02-25 16:45:45 WARN  o.s.b.w.s.s.c.AnnotationConfigServletWebServerApplicationContext - Exception encountered during context initialization - cancelling refresh attempt: org.springframework.beans.factory.UnsatisfiedDependencyException: Error creating bean with name 'authController': Unsatisfied dependency expressed through field 'passwordEncoder': No qualifying bean of type 'org.springframework.security.crypto.password.PasswordEncoder' available: expected at least 1 bean which qualifies as autowire candidate. Dependency annotations: {@org.springframework.beans.factory.annotation.Autowired(required=true)}
2026-02-25 16:45:45 INFO  o.s.o.j.LocalContainerEntityManagerFactoryBean - Closing JPA EntityManagerFactory for persistence unit 'default'
2026-02-25 16:45:45 INFO  com.zaxxer.hikari.HikariDataSource - HikariPool-1 - Shutdown initiated...
2026-02-25 16:45:45 INFO  com.zaxxer.hikari.HikariDataSource - HikariPool-1 - Shutdown completed.
2026-02-25 16:45:45 INFO  o.a.catalina.core.StandardService - Stopping service [Tomcat]
2026-02-25 16:45:45 INFO  o.s.b.a.l.ConditionEvaluationReportLogger - 

Error starting ApplicationContext. To display the condition evaluation report re-run your application with 'debug' enabled.
2026-02-25 16:45:46 ERROR o.s.b.d.LoggingFailureAnalysisReporter - 

***************************
APPLICATION FAILED TO START
***************************

Description:

Field passwordEncoder in com.task.controller.AuthController required a bean of type 'org.springframework.security.crypto.password.PasswordEncoder' that could not be found.

The injection point has the following annotations:
	- @org.springframework.beans.factory.annotation.Autowired(required=true)


Action:

Consider defining a bean of type 'org.springframework.security.crypto.password.PasswordEncoder' in your configuration.

2026-02-25 16:46:45 INFO  c.t.LibraryManagementSystemApplication - Starting LibraryManagementSystemApplication using Java 21.0.7 with PID 34280 (C:\Users\balaj\Documents\workspace-spring-tools-for-eclipse-4.31.0.RELEASE\LibraryManagementSystem\target\classes started by balaj in C:\Users\balaj\Documents\workspace-spring-tools-for-eclipse-4.31.0.RELEASE\LibraryManagementSystem)
2026-02-25 16:46:45 INFO  c.t.LibraryManagementSystemApplication - No active profile set, falling back to 1 default profile: "default"
2026-02-25 16:46:45 INFO  o.s.b.d.e.DevToolsPropertyDefaultsPostProcessor - Devtools property defaults active! Set 'spring.devtools.add-properties' to 'false' to disable
2026-02-25 16:46:45 INFO  o.s.b.d.e.DevToolsPropertyDefaultsPostProcessor - For additional web related logging consider setting the 'logging.level.web' property to 'DEBUG'
2026-02-25 16:46:46 INFO  o.s.d.r.c.RepositoryConfigurationDelegate - Bootstrapping Spring Data JPA repositories in DEFAULT mode.
2026-02-25 16:46:46 INFO  o.s.d.r.c.RepositoryConfigurationDelegate - Finished Spring Data repository scanning in 55 ms. Found 5 JPA repository interfaces.
2026-02-25 16:46:47 INFO  o.s.boot.tomcat.TomcatWebServer - Tomcat initialized with port 8080 (http)
2026-02-25 16:46:47 INFO  o.a.catalina.core.StandardService - Starting service [Tomcat]
2026-02-25 16:46:47 INFO  o.a.catalina.core.StandardEngine - Starting Servlet engine: [Apache Tomcat/11.0.15]
2026-02-25 16:46:47 INFO  o.s.b.w.c.s.WebApplicationContextInitializer - Root WebApplicationContext: initialization completed in 1796 ms
2026-02-25 16:46:47 INFO  org.hibernate.orm.jpa - HHH008540: Processing PersistenceUnitInfo [name: default]
2026-02-25 16:46:47 INFO  org.hibernate.orm.core - HHH000001: Hibernate ORM core version 7.2.1.Final
2026-02-25 16:46:48 INFO  o.s.o.j.p.SpringPersistenceUnitInfo - No LoadTimeWeaver setup: ignoring JPA class transformer
2026-02-25 16:46:48 INFO  com.zaxxer.hikari.HikariDataSource - HikariPool-1 - Starting...
2026-02-25 16:46:48 INFO  com.zaxxer.hikari.pool.HikariPool - HikariPool-1 - Added connection com.mysql.cj.jdbc.ConnectionImpl@62947691
2026-02-25 16:46:48 INFO  com.zaxxer.hikari.HikariDataSource - HikariPool-1 - Start completed.
2026-02-25 16:46:48 INFO  o.hibernate.orm.connections.pooling - HHH10001005: Database info:
	Database JDBC URL [jdbc:mysql://localhost:3306/LibraryManagementSystem]
	Database driver: MySQL Connector/J
	Database dialect: MySQLDialect
	Database version: 8.0.40
	Default catalog/schema: LibraryManagementSystem/undefined
	Autocommit mode: undefined/unknown
	Isolation level: REPEATABLE_READ [default REPEATABLE_READ]
	JDBC fetch size: none
	Pool: DataSourceConnectionProvider
	Minimum pool size: undefined/unknown
	Maximum pool size: undefined/unknown
2026-02-25 16:46:49 INFO  org.hibernate.orm.core - HHH000489: No JTA platform available (set 'hibernate.transaction.jta.platform' to enable JTA platform integration)
2026-02-25 16:46:49 INFO  o.s.o.j.LocalContainerEntityManagerFactoryBean - Initialized JPA EntityManagerFactory for persistence unit 'default'
2026-02-25 16:46:49 INFO  o.s.d.j.r.q.QueryEnhancerFactories - Hibernate is in classpath; If applicable, HQL parser will be used.
2026-02-25 16:46:50 WARN  o.s.b.j.a.JpaBaseConfiguration$JpaWebConfiguration - spring.jpa.open-in-view is enabled by default. Therefore, database queries may be performed during view rendering. Explicitly configure spring.jpa.open-in-view to disable this warning
2026-02-25 16:46:50 INFO  o.s.s.c.a.a.c.InitializeUserDetailsBeanManagerConfigurer$InitializeUserDetailsManagerConfigurer - Global AuthenticationManager configured with UserDetailsService bean with name userdetailsService
2026-02-25 16:46:50 INFO  o.s.v.b.OptionalValidatorFactoryBean - Failed to set up a Bean Validation provider: jakarta.validation.NoProviderFoundException: Unable to create a Configuration, because no Jakarta Validation provider could be found. Add a provider like Hibernate Validator (RI) to your classpath.
2026-02-25 16:46:51 INFO  o.s.b.a.e.web.EndpointLinksResolver - Exposing 13 endpoints beneath base path '/actuator'
2026-02-25 16:46:51 INFO  o.s.boot.tomcat.TomcatWebServer - Tomcat started on port 8080 (http) with context path '/'
2026-02-25 16:46:51 INFO  c.t.LibraryManagementSystemApplication - Started LibraryManagementSystemApplication in 6.406 seconds (process running for 7.24)
2026-02-25 16:46:51 INFO  o.a.c.c.C.[Tomcat].[localhost].[/] - Initializing Spring DispatcherServlet 'dispatcherServlet'
2026-02-25 16:46:51 INFO  o.s.web.servlet.DispatcherServlet - Initializing Servlet 'dispatcherServlet'
2026-02-25 16:46:51 INFO  o.s.web.servlet.DispatcherServlet - Completed initialization in 2 ms
2026-02-25 16:48:03 INFO  com.task.aop.LoggingAspect - Entering LibrarianServiceImpl.verifyMember() with args=[1]
2026-02-25 16:48:03 INFO  com.task.aop.LoggingAspect - ➡️ Entering LibrarianServiceImpl.verifyMember() with args=[1]
2026-02-25 16:48:03 INFO  com.task.aop.LoggingAspect - Entering MemberServiceImpl.retriveMember() with args=[1]
2026-02-25 16:48:03 INFO  com.task.aop.LoggingAspect - Entering MemberServiceImpl.retriveMember() with args=[1]
2026-02-25 16:48:03 INFO  com.task.aop.LoggingAspect - Exiting MemberServiceImpl.retriveMember() | Time=181 ms
2026-02-25 16:48:03 INFO  com.task.aop.LoggingAspect - Exiting MemberServiceImpl.retriveMember() | Time=183 ms
2026-02-25 16:48:03 INFO  com.task.aop.LoggingAspect - Exiting LibrarianServiceImpl.verifyMember() | Time=185 ms
2026-02-25 16:48:03 INFO  com.task.aop.LoggingAspect - Exiting LibrarianServiceImpl.verifyMember() | Time=187 ms
2026-02-25 16:54:01 INFO  o.s.b.d.a.LocalDevToolsAutoConfiguration$RestartingClassPathChangeChangedEventListener - Restarting due to 1 class path change (0 additions, 0 deletions, 1 modification)
2026-02-25 16:54:01 INFO  o.s.boot.tomcat.GracefulShutdown - Commencing graceful shutdown. Waiting for active requests to complete
2026-02-25 16:54:01 INFO  o.s.boot.tomcat.GracefulShutdown - Graceful shutdown complete
2026-02-25 16:54:01 INFO  o.s.o.j.LocalContainerEntityManagerFactoryBean - Closing JPA EntityManagerFactory for persistence unit 'default'
2026-02-25 16:54:01 INFO  com.zaxxer.hikari.HikariDataSource - HikariPool-1 - Shutdown initiated...
2026-02-25 16:54:01 INFO  com.zaxxer.hikari.HikariDataSource - HikariPool-1 - Shutdown completed.
2026-02-25 16:54:01 WARN  o.jboss.resteasy.client.jaxrs.i18n - RESTEASY004687: Closing a class org.jboss.resteasy.client.jaxrs.engines.ManualClosingApacheHttpClient43Engine$CleanupAction instance for you. Please close clients yourself.
